<?xml version="1.0" encoding="UTF-8"?>
<coverage generated="1785062767203" clover="3.2.0">
  <project timestamp="1785062767203" name="All files">
    <metrics statements="82" coveredstatements="28" conditionals="42" coveredconditionals="18" methods="8" coveredmethods="2" elements="132" coveredelements="48" complexity="0" loc="82" ncloc="82" packages="3" files="4" classes="4"/>
    <package name="src">
      <metrics statements="70" coveredstatements="25" conditionals="36" coveredconditionals="16" methods="7" coveredmethods="2"/>
      <file name="app.js" path="/Users/will/Documents/Projetos/APPVideo/auth-service/src/app.js">
        <metrics statements="69" coveredstatements="24" conditionals="28" coveredconditionals="8" methods="7" coveredmethods="2"/>
        <line num="1" count="2" type="cond" truecount="1" falsecount="1"/>
        <line num="2" count="0" type="stmt"/>
        <line num="17" count="2" type="stmt"/>
        <line num="19" count="2" type="cond" truecount="1" falsecount="1"/>
        <line num="22" count="0" type="stmt"/>
        <line num="29" count="2" type="stmt"/>
        <line num="34" count="1" type="cond" truecount="1" falsecount="1"/>
        <line num="35" count="1" type="stmt"/>
        <line num="38" count="0" type="cond" truecount="0" falsecount="2"/>
        <line num="39" count="0" type="stmt"/>
        <line num="42" count="0" type="stmt"/>
        <line num="48" count="2" type="stmt"/>
        <line num="62" count="2" type="stmt"/>
        <line num="63" count="0" type="stmt"/>
        <line num="64" count="0" type="stmt"/>
        <line num="65" count="0" type="stmt"/>
        <line num="67" count="0" type="stmt"/>
        <line num="103" count="2" type="stmt"/>
        <line num="104" count="0" type="stmt"/>
        <line num="106" count="0" type="stmt"/>
        <line num="107" count="0" type="stmt"/>
        <line num="109" count="0" type="cond" truecount="0" falsecount="4"/>
        <line num="110" count="0" type="stmt"/>
        <line num="115" count="0" type="stmt"/>
        <line num="120" count="0" type="cond" truecount="0" falsecount="2"/>
        <line num="121" count="0" type="stmt"/>
        <line num="126" count="0" type="stmt"/>
        <line num="127" count="0" type="stmt"/>
        <line num="129" count="0" type="stmt"/>
        <line num="137" count="0" type="stmt"/>
        <line num="143" count="0" type="stmt"/>
        <line num="144" count="0" type="stmt"/>
        <line num="149" count="0" type="stmt"/>
        <line num="183" count="2" type="stmt"/>
        <line num="184" count="0" type="stmt"/>
        <line num="186" count="0" type="stmt"/>
        <line num="187" count="0" type="stmt"/>
        <line num="189" count="0" type="cond" truecount="0" falsecount="4"/>
        <line num="190" count="0" type="stmt"/>
        <line num="195" count="0" type="stmt"/>
        <line num="205" count="0" type="cond" truecount="0" falsecount="2"/>
        <line num="206" count="0" type="stmt"/>
        <line num="212" count="0" type="stmt"/>
        <line num="214" count="0" type="stmt"/>
        <line num="216" count="0" type="stmt"/>
        <line num="236" count="0" type="stmt"/>
        <line num="246" count="0" type="stmt"/>
        <line num="251" count="0" type="stmt"/>
        <line num="257" count="0" type="stmt"/>
        <line num="263" count="2" type="stmt"/>
        <line num="264" count="1" type="stmt"/>
        <line num="266" count="1" type="stmt"/>
        <line num="267" count="1" type="stmt"/>
        <line num="269" count="1" type="cond" truecount="3" falsecount="1"/>
        <line num="270" count="0" type="stmt"/>
        <line num="275" count="1" type="stmt"/>
        <line num="285" count="1" type="cond" truecount="1" falsecount="1"/>
        <line num="286" count="0" type="stmt"/>
        <line num="291" count="1" type="stmt"/>
        <line num="293" count="1" type="stmt"/>
        <line num="295" count="1" type="cond" truecount="1" falsecount="1"/>
        <line num="296" count="0" type="stmt"/>
        <line num="301" count="1" type="stmt"/>
        <line num="312" count="1" type="stmt"/>
        <line num="323" count="0" type="stmt"/>
        <line num="324" count="0" type="stmt"/>
        <line num="329" count="1" type="stmt"/>
        <line num="348" count="2" type="stmt"/>
        <line num="349" count="0" type="stmt"/>
      </file>
      <file name="config.js" path="/Users/will/Documents/Projetos/APPVideo/auth-service/src/config.js">
        <metrics statements="1" coveredstatements="1" conditionals="8" coveredconditionals="8" methods="0" coveredmethods="0"/>
        <line num="1" count="2" type="stmt"/>
      </file>
    </package>
    <package name="src.infra">
      <metrics statements="2" coveredstatements="2" conditionals="0" coveredconditionals="0" methods="0" coveredmethods="0"/>
      <file name="db.js" path="/Users/will/Documents/Projetos/APPVideo/auth-service/src/infra/db.js">
        <metrics statements="2" coveredstatements="2" conditionals="0" coveredconditionals="0" methods="0" coveredmethods="0"/>
        <line num="4" count="1" type="stmt"/>
        <line num="6" count="1" type="stmt"/>
      </file>
    </package>
    <package name="src.middleware">
      <metrics statements="10" coveredstatements="1" conditionals="6" coveredconditionals="2" methods="1" coveredmethods="0"/>
      <file name="auth.js" path="/Users/will/Documents/Projetos/APPVideo/auth-service/src/middleware/auth.js">
        <metrics statements="10" coveredstatements="1" conditionals="6" coveredconditionals="2" methods="1" coveredmethods="0"/>
        <line num="3" count="2" type="cond" truecount="2" falsecount="0"/>
        <line num="6" count="0" type="stmt"/>
        <line num="7" count="0" type="stmt"/>
        <line num="9" count="0" type="cond" truecount="0" falsecount="4"/>
        <line num="10" count="0" type="stmt"/>
        <line num="13" count="0" type="stmt"/>
        <line num="15" count="0" type="stmt"/>
        <line num="17" count="0" type="stmt"/>
        <line num="19" count="0" type="stmt"/>
        <line num="21" count="0" type="stmt"/>
      </file>
    </package>
  </project>
</coverage>
