{"/Users/will/Documents/Projetos/APPVideo/auth-service/src/app.js": {"path":"/Users/will/Documents/Projetos/APPVideo/auth-service/src/app.js","statementMap":{"0":{"start":{"line":1,"column":0},"end":{"line":3,"column":1}},"1":{"start":{"line":2,"column":2},"end":{"line":2,"column":27}},"2":{"start":{"line":17,"column":12},"end":{"line":17,"column":21}},"3":{"start":{"line":19,"column":2},"end":{"line":27,"column":7}},"4":{"start":{"line":22,"column":23},"end":{"line":22,"column":36}},"5":{"start":{"line":29,"column":0},"end":{"line":47,"column":2}},"6":{"start":{"line":34,"column":6},"end":{"line":36,"column":7}},"7":{"start":{"line":35,"column":8},"end":{"line":35,"column":36}},"8":{"start":{"line":38,"column":6},"end":{"line":40,"column":7}},"9":{"start":{"line":39,"column":8},"end":{"line":39,"column":36}},"10":{"start":{"line":42,"column":6},"end":{"line":44,"column":8}},"11":{"start":{"line":48,"column":0},"end":{"line":48,"column":24}},"12":{"start":{"line":62,"column":0},"end":{"line":72,"column":3}},"13":{"start":{"line":63,"column":2},"end":{"line":71,"column":3}},"14":{"start":{"line":64,"column":4},"end":{"line":64,"column":33}},"15":{"start":{"line":65,"column":4},"end":{"line":65,"column":50}},"16":{"start":{"line":67,"column":4},"end":{"line":70,"column":7}},"17":{"start":{"line":103,"column":0},"end":{"line":151,"column":3}},"18":{"start":{"line":104,"column":17},"end":{"line":104,"column":37}},"19":{"start":{"line":106,"column":2},"end":{"line":150,"column":3}},"20":{"start":{"line":107,"column":32},"end":{"line":107,"column":40}},"21":{"start":{"line":109,"column":4},"end":{"line":113,"column":5}},"22":{"start":{"line":110,"column":6},"end":{"line":112,"column":9}},"23":{"start":{"line":115,"column":25},"end":{"line":118,"column":5}},"24":{"start":{"line":120,"column":4},"end":{"line":124,"column":5}},"25":{"start":{"line":121,"column":6},"end":{"line":123,"column":9}},"26":{"start":{"line":126,"column":25},"end":{"line":126,"column":56}},"27":{"start":{"line":127,"column":19},"end":{"line":127,"column":27}},"28":{"start":{"line":129,"column":4},"end":{"line":135,"column":6}},"29":{"start":{"line":137,"column":4},"end":{"line":141,"column":7}},"30":{"start":{"line":143,"column":4},"end":{"line":143,"column":47}},"31":{"start":{"line":144,"column":4},"end":{"line":147,"column":7}},"32":{"start":{"line":149,"column":4},"end":{"line":149,"column":21}},"33":{"start":{"line":183,"column":0},"end":{"line":259,"column":3}},"34":{"start":{"line":184,"column":17},"end":{"line":184,"column":37}},"35":{"start":{"line":186,"column":2},"end":{"line":258,"column":3}},"36":{"start":{"line":187,"column":32},"end":{"line":187,"column":40}},"37":{"start":{"line":189,"column":4},"end":{"line":193,"column":5}},"38":{"start":{"line":190,"column":6},"end":{"line":192,"column":9}},"39":{"start":{"line":195,"column":25},"end":{"line":203,"column":5}},"40":{"start":{"line":205,"column":4},"end":{"line":209,"column":5}},"41":{"start":{"line":206,"column":6},"end":{"line":208,"column":9}},"42":{"start":{"line":212,"column":6},"end":{"line":212,"column":37}},"43":{"start":{"line":214,"column":19},"end":{"line":214,"column":38}},"44":{"start":{"line":216,"column":4},"end":{"line":234,"column":6}},"45":{"start":{"line":236,"column":4},"end":{"line":242,"column":7}},"46":{"start":{"line":246,"column":4},"end":{"line":249,"column":6}},"47":{"start":{"line":251,"column":4},"end":{"line":254,"column":7}},"48":{"start":{"line":257,"column":4},"end":{"line":257,"column":21}},"49":{"start":{"line":263,"column":0},"end":{"line":331,"column":3}},"50":{"start":{"line":264,"column":17},"end":{"line":264,"column":37}},"51":{"start":{"line":266,"column":2},"end":{"line":330,"column":3}},"52":{"start":{"line":267,"column":32},"end":{"line":267,"column":40}},"53":{"start":{"line":269,"column":4},"end":{"line":273,"column":5}},"54":{"start":{"line":270,"column":6},"end":{"line":272,"column":9}},"55":{"start":{"line":275,"column":19},"end":{"line":283,"column":5}},"56":{"start":{"line":285,"column":4},"end":{"line":289,"column":5}},"57":{"start":{"line":286,"column":6},"end":{"line":288,"column":9}},"58":{"start":{"line":291,"column":17},"end":{"line":291,"column":31}},"59":{"start":{"line":293,"column":28},"end":{"line":293,"column":78}},"60":{"start":{"line":295,"column":4},"end":{"line":299,"column":5}},"61":{"start":{"line":296,"column":6},"end":{"line":298,"column":9}},"62":{"start":{"line":301,"column":18},"end":{"line":310,"column":5}},"63":{"start":{"line":312,"column":4},"end":{"line":321,"column":7}},"64":{"start":{"line":323,"column":4},"end":{"line":323,"column":44}},"65":{"start":{"line":324,"column":4},"end":{"line":327,"column":7}},"66":{"start":{"line":329,"column":4},"end":{"line":329,"column":21}},"67":{"start":{"line":348,"column":0},"end":{"line":353,"column":3}},"68":{"start":{"line":349,"column":2},"end":{"line":352,"column":5}}},"fnMap":{"0":{"name":"(anonymous_0)","decl":{"start":{"line":22,"column":13},"end":{"line":22,"column":14}},"loc":{"start":{"line":22,"column":23},"end":{"line":22,"column":36}},"line":22},"1":{"name":"(anonymous_1)","decl":{"start":{"line":32,"column":4},"end":{"line":32,"column":5}},"loc":{"start":{"line":32,"column":29},"end":{"line":45,"column":5}},"line":32},"2":{"name":"(anonymous_2)","decl":{"start":{"line":62,"column":19},"end":{"line":62,"column":20}},"loc":{"start":{"line":62,"column":40},"end":{"line":72,"column":1}},"line":62},"3":{"name":"(anonymous_3)","decl":{"start":{"line":103,"column":27},"end":{"line":103,"column":28}},"loc":{"start":{"line":103,"column":47},"end":{"line":151,"column":1}},"line":103},"4":{"name":"(anonymous_4)","decl":{"start":{"line":183,"column":27},"end":{"line":183,"column":28}},"loc":{"start":{"line":183,"column":47},"end":{"line":259,"column":1}},"line":183},"5":{"name":"(anonymous_5)","decl":{"start":{"line":263,"column":24},"end":{"line":263,"column":25}},"loc":{"start":{"line":263,"column":44},"end":{"line":331,"column":1}},"line":263},"6":{"name":"(anonymous_6)","decl":{"start":{"line":348,"column":36},"end":{"line":348,"column":37}},"loc":{"start":{"line":348,"column":56},"end":{"line":353,"column":1}},"line":348}},"branchMap":{"0":{"loc":{"start":{"line":1,"column":0},"end":{"line":3,"column":1}},"type":"if","locations":[{"start":{"line":1,"column":0},"end":{"line":3,"column":1}},{"start":{},"end":{}}],"line":1},"1":{"loc":{"start":{"line":19,"column":2},"end":{"line":27,"column":7}},"type":"cond-expr","locations":[{"start":{"line":20,"column":6},"end":{"line":22,"column":37}},{"start":{"line":23,"column":6},"end":{"line":27,"column":7}}],"line":19},"2":{"loc":{"start":{"line":34,"column":6},"end":{"line":36,"column":7}},"type":"if","locations":[{"start":{"line":34,"column":6},"end":{"line":36,"column":7}},{"start":{},"end":{}}],"line":34},"3":{"loc":{"start":{"line":38,"column":6},"end":{"line":40,"column":7}},"type":"if","locations":[{"start":{"line":38,"column":6},"end":{"line":40,"column":7}},{"start":{},"end":{}}],"line":38},"4":{"loc":{"start":{"line":109,"column":4},"end":{"line":113,"column":5}},"type":"if","locations":[{"start":{"line":109,"column":4},"end":{"line":113,"column":5}},{"start":{},"end":{}}],"line":109},"5":{"loc":{"start":{"line":109,"column":8},"end":{"line":109,"column":27}},"type":"binary-expr","locations":[{"start":{"line":109,"column":8},"end":{"line":109,"column":14}},{"start":{"line":109,"column":18},"end":{"line":109,"column":27}}],"line":109},"6":{"loc":{"start":{"line":120,"column":4},"end":{"line":124,"column":5}},"type":"if","locations":[{"start":{"line":120,"column":4},"end":{"line":124,"column":5}},{"start":{},"end":{}}],"line":120},"7":{"loc":{"start":{"line":189,"column":4},"end":{"line":193,"column":5}},"type":"if","locations":[{"start":{"line":189,"column":4},"end":{"line":193,"column":5}},{"start":{},"end":{}}],"line":189},"8":{"loc":{"start":{"line":189,"column":8},"end":{"line":189,"column":27}},"type":"binary-expr","locations":[{"start":{"line":189,"column":8},"end":{"line":189,"column":14}},{"start":{"line":189,"column":18},"end":{"line":189,"column":27}}],"line":189},"9":{"loc":{"start":{"line":205,"column":4},"end":{"line":209,"column":5}},"type":"if","locations":[{"start":{"line":205,"column":4},"end":{"line":209,"column":5}},{"start":{},"end":{}}],"line":205},"10":{"loc":{"start":{"line":269,"column":4},"end":{"line":273,"column":5}},"type":"if","locations":[{"start":{"line":269,"column":4},"end":{"line":273,"column":5}},{"start":{},"end":{}}],"line":269},"11":{"loc":{"start":{"line":269,"column":8},"end":{"line":269,"column":27}},"type":"binary-expr","locations":[{"start":{"line":269,"column":8},"end":{"line":269,"column":14}},{"start":{"line":269,"column":18},"end":{"line":269,"column":27}}],"line":269},"12":{"loc":{"start":{"line":285,"column":4},"end":{"line":289,"column":5}},"type":"if","locations":[{"start":{"line":285,"column":4},"end":{"line":289,"column":5}},{"start":{},"end":{}}],"line":285},"13":{"loc":{"start":{"line":295,"column":4},"end":{"line":299,"column":5}},"type":"if","locations":[{"start":{"line":295,"column":4},"end":{"line":299,"column":5}},{"start":{},"end":{}}],"line":295}},"s":{"0":2,"1":0,"2":2,"3":2,"4":0,"5":2,"6":1,"7":1,"8":0,"9":0,"10":0,"11":2,"12":2,"13":0,"14":0,"15":0,"16":0,"17":2,"18":0,"19":0,"20":0,"21":0,"22":0,"23":0,"24":0,"25":0,"26":0,"27":0,"28":0,"29":0,"30":0,"31":0,"32":0,"33":2,"34":0,"35":0,"36":0,"37":0,"38":0,"39":0,"40":0,"41":0,"42":0,"43":0,"44":0,"45":0,"46":0,"47":0,"48":0,"49":2,"50":1,"51":1,"52":1,"53":1,"54":0,"55":1,"56":1,"57":0,"58":1,"59":1,"60":1,"61":0,"62":1,"63":1,"64":0,"65":0,"66":1,"67":2,"68":0},"f":{"0":0,"1":1,"2":0,"3":0,"4":0,"5":1,"6":0},"b":{"0":[0,2],"1":[0,2],"2":[1,0],"3":[0,0],"4":[0,0],"5":[0,0],"6":[0,0],"7":[0,0],"8":[0,0],"9":[0,0],"10":[0,1],"11":[1,1],"12":[0,1],"13":[0,1]},"_coverageSchema":"1a1c01bbd47fc00a2c39e90264f33305004495a9","hash":"53445895c7d3026888d0bb66282bbd42f6a6f435"}
,"/Users/will/Documents/Projetos/APPVideo/auth-service/src/config.js": {"path":"/Users/will/Documents/Projetos/APPVideo/auth-service/src/config.js","statementMap":{"0":{"start":{"line":1,"column":22},"end":{"line":12,"column":1}}},"fnMap":{},"branchMap":{"0":{"loc":{"start":{"line":2,"column":15},"end":{"line":2,"column":39}},"type":"binary-expr","locations":[{"start":{"line":2,"column":15},"end":{"line":2,"column":31}},{"start":{"line":2,"column":35},"end":{"line":2,"column":39}}],"line":2},"1":{"loc":{"start":{"line":5,"column":17},"end":{"line":5,"column":44}},"type":"binary-expr","locations":[{"start":{"line":5,"column":17},"end":{"line":5,"column":36}},{"start":{"line":5,"column":40},"end":{"line":5,"column":44}}],"line":5},"2":{"loc":{"start":{"line":10,"column":13},"end":{"line":10,"column":61}},"type":"binary-expr","locations":[{"start":{"line":10,"column":13},"end":{"line":10,"column":35}},{"start":{"line":10,"column":39},"end":{"line":10,"column":61}}],"line":10},"3":{"loc":{"start":{"line":11,"column":16},"end":{"line":11,"column":50}},"type":"binary-expr","locations":[{"start":{"line":11,"column":16},"end":{"line":11,"column":42}},{"start":{"line":11,"column":46},"end":{"line":11,"column":50}}],"line":11}},"s":{"0":2},"f":{},"b":{"0":[2,2],"1":[2,1],"2":[2,1],"3":[2,1]},"_coverageSchema":"1a1c01bbd47fc00a2c39e90264f33305004495a9","hash":"8fe58b6aa667adcc00e265f1c54a8532d309a1da"}
,"/Users/will/Documents/Projetos/APPVideo/auth-service/src/infra/db.js": {"path":"/Users/will/Documents/Projetos/APPVideo/auth-service/src/infra/db.js","statementMap":{"0":{"start":{"line":4,"column":17},"end":{"line":4,"column":20}},"1":{"start":{"line":6,"column":20},"end":{"line":12,"column":2}}},"fnMap":{},"branchMap":{},"s":{"0":1,"1":1},"f":{},"b":{},"_coverageSchema":"1a1c01bbd47fc00a2c39e90264f33305004495a9","hash":"a42c3124cff902be02f2ccead24e206e6cd21f2b"}
,"/Users/will/Documents/Projetos/APPVideo/auth-service/src/middleware/auth.js": {"path":"/Users/will/Documents/Projetos/APPVideo/auth-service/src/middleware/auth.js","statementMap":{"0":{"start":{"line":3,"column":19},"end":{"line":3,"column":66}},"1":{"start":{"line":6,"column":2},"end":{"line":22,"column":3}},"2":{"start":{"line":7,"column":23},"end":{"line":7,"column":48}},"3":{"start":{"line":9,"column":4},"end":{"line":11,"column":5}},"4":{"start":{"line":10,"column":6},"end":{"line":10,"column":74}},"5":{"start":{"line":13,"column":18},"end":{"line":13,"column":58}},"6":{"start":{"line":15,"column":20},"end":{"line":15,"column":49}},"7":{"start":{"line":17,"column":4},"end":{"line":17,"column":23}},"8":{"start":{"line":19,"column":4},"end":{"line":19,"column":18}},"9":{"start":{"line":21,"column":4},"end":{"line":21,"column":73}}},"fnMap":{"0":{"name":"authMiddleware","decl":{"start":{"line":5,"column":16},"end":{"line":5,"column":30}},"loc":{"start":{"line":5,"column":47},"end":{"line":23,"column":1}},"line":5}},"branchMap":{"0":{"loc":{"start":{"line":3,"column":19},"end":{"line":3,"column":66}},"type":"binary-expr","locations":[{"start":{"line":3,"column":19},"end":{"line":3,"column":41}},{"start":{"line":3,"column":45},"end":{"line":3,"column":66}}],"line":3},"1":{"loc":{"start":{"line":9,"column":4},"end":{"line":11,"column":5}},"type":"if","locations":[{"start":{"line":9,"column":4},"end":{"line":11,"column":5}},{"start":{},"end":{}}],"line":9},"2":{"loc":{"start":{"line":9,"column":8},"end":{"line":9,"column":56}},"type":"binary-expr","locations":[{"start":{"line":9,"column":8},"end":{"line":9,"column":19}},{"start":{"line":9,"column":23},"end":{"line":9,"column":56}}],"line":9}},"s":{"0":2,"1":0,"2":0,"3":0,"4":0,"5":0,"6":0,"7":0,"8":0,"9":0},"f":{"0":0},"b":{"0":[2,1],"1":[0,0],"2":[0,0]},"_coverageSchema":"1a1c01bbd47fc00a2c39e90264f33305004495a9","hash":"81ba7646665c7d8c9e3d0df5816d904138aedb44"}
}
