TN:
SF:src/app.js
FN:22,(anonymous_0)
FN:32,(anonymous_1)
FN:62,(anonymous_2)
FN:103,(anonymous_3)
FN:183,(anonymous_4)
FN:263,(anonymous_5)
FN:348,(anonymous_6)
FNF:7
FNH:2
FNDA:0,(anonymous_0)
FNDA:1,(anonymous_1)
FNDA:0,(anonymous_2)
FNDA:0,(anonymous_3)
FNDA:0,(anonymous_4)
FNDA:1,(anonymous_5)
FNDA:0,(anonymous_6)
DA:1,2
DA:2,0
DA:17,2
DA:19,2
DA:22,0
DA:29,2
DA:34,1
DA:35,1
DA:38,0
DA:39,0
DA:42,0
DA:48,2
DA:62,2
DA:63,0
DA:64,0
DA:65,0
DA:67,0
DA:103,2
DA:104,0
DA:106,0
DA:107,0
DA:109,0
DA:110,0
DA:115,0
DA:120,0
DA:121,0
DA:126,0
DA:127,0
DA:129,0
DA:137,0
DA:143,0
DA:144,0
DA:149,0
DA:183,2
DA:184,0
DA:186,0
DA:187,0
DA:189,0
DA:190,0
DA:195,0
DA:205,0
DA:206,0
DA:212,0
DA:214,0
DA:216,0
DA:236,0
DA:246,0
DA:251,0
DA:257,0
DA:263,2
DA:264,1
DA:266,1
DA:267,1
DA:269,1
DA:270,0
DA:275,1
DA:285,1
DA:286,0
DA:291,1
DA:293,1
DA:295,1
DA:296,0
DA:301,1
DA:312,1
DA:323,0
DA:324,0
DA:329,1
DA:348,2
DA:349,0
LF:69
LH:24
BRDA:1,0,0,0
BRDA:1,0,1,2
BRDA:19,1,0,0
BRDA:19,1,1,2
BRDA:34,2,0,1
BRDA:34,2,1,0
BRDA:38,3,0,0
BRDA:38,3,1,0
BRDA:109,4,0,0
BRDA:109,4,1,0
BRDA:109,5,0,0
BRDA:109,5,1,0
BRDA:120,6,0,0
BRDA:120,6,1,0
BRDA:189,7,0,0
BRDA:189,7,1,0
BRDA:189,8,0,0
BRDA:189,8,1,0
BRDA:205,9,0,0
BRDA:205,9,1,0
BRDA:269,10,0,0
BRDA:269,10,1,1
BRDA:269,11,0,1
BRDA:269,11,1,1
BRDA:285,12,0,0
BRDA:285,12,1,1
BRDA:295,13,0,0
BRDA:295,13,1,1
BRF:28
BRH:8
end_of_record
TN:
SF:src/config.js
FNF:0
FNH:0
DA:1,2
LF:1
LH:1
BRDA:2,0,0,2
BRDA:2,0,1,2
BRDA:5,1,0,2
BRDA:5,1,1,1
BRDA:10,2,0,2
BRDA:10,2,1,1
BRDA:11,3,0,2
BRDA:11,3,1,1
BRF:8
BRH:8
end_of_record
TN:
SF:src/infra/db.js
FNF:0
FNH:0
DA:4,1
DA:6,1
LF:2
LH:2
BRF:0
BRH:0
end_of_record
TN:
SF:src/middleware/auth.js
FN:5,authMiddleware
FNF:1
FNH:0
FNDA:0,authMiddleware
DA:3,2
DA:6,0
DA:7,0
DA:9,0
DA:10,0
DA:13,0
DA:15,0
DA:17,0
DA:19,0
DA:21,0
LF:10
LH:1
BRDA:3,0,0,2
BRDA:3,0,1,1
BRDA:9,1,0,0
BRDA:9,1,1,0
BRDA:9,2,0,0
BRDA:9,2,1,0
BRF:6
BRH:2
end_of_record
