<?xml version="1.0" encoding="UTF-8"?>
<coverage generated="1785071342735" clover="3.2.0">
  <project timestamp="1785071342735" name="All files">
    <metrics statements="116" coveredstatements="23" conditionals="50" coveredconditionals="24" methods="9" coveredmethods="2" elements="175" coveredelements="49" complexity="0" loc="116" ncloc="116" packages="3" files="5" classes="5"/>
    <package name="src">
      <metrics statements="104" coveredstatements="20" conditionals="40" coveredconditionals="20" methods="8" coveredmethods="2"/>
      <file name="app.js" path="/Users/will/Documents/Projetos/APPVideo/upload-service/src/app.js">
        <metrics statements="103" coveredstatements="19" conditionals="24" coveredconditionals="4" methods="8" coveredmethods="2"/>
        <line num="18" count="1" type="cond" truecount="1" falsecount="1"/>
        <line num="19" count="0" type="stmt"/>
        <line num="22" count="1" type="stmt"/>
        <line num="24" count="1" type="cond" truecount="1" falsecount="1"/>
        <line num="27" count="0" type="stmt"/>
        <line num="34" count="1" type="stmt"/>
        <line num="39" count="1" type="cond" truecount="1" falsecount="1"/>
        <line num="40" count="1" type="stmt"/>
        <line num="43" count="0" type="cond" truecount="0" falsecount="2"/>
        <line num="44" count="0" type="stmt"/>
        <line num="47" count="0" type="stmt"/>
        <line num="53" count="1" type="stmt"/>
        <line num="55" count="1" type="stmt"/>
        <line num="61" count="1" type="stmt"/>
        <line num="65" count="1" type="stmt"/>
        <line num="70" count="1" type="stmt"/>
        <line num="76" count="0" type="stmt"/>
        <line num="78" count="0" type="stmt"/>
        <line num="80" count="0" type="stmt"/>
        <line num="82" count="0" type="cond" truecount="0" falsecount="4"/>
        <line num="83" count="0" type="stmt"/>
        <line num="88" count="0" type="stmt"/>
        <line num="93" count="0" type="stmt"/>
        <line num="95" count="0" type="stmt"/>
        <line num="97" count="0" type="stmt"/>
        <line num="99" count="0" type="stmt"/>
        <line num="101" count="0" type="cond" truecount="0" falsecount="2"/>
        <line num="107" count="0" type="stmt"/>
        <line num="109" count="0" type="stmt"/>
        <line num="116" count="0" type="stmt"/>
        <line num="117" count="0" type="stmt"/>
        <line num="118" count="0" type="stmt"/>
        <line num="121" count="0" type="stmt"/>
        <line num="124" count="0" type="stmt"/>
        <line num="127" count="0" type="stmt"/>
        <line num="137" count="0" type="stmt"/>
        <line num="160" count="0" type="stmt"/>
        <line num="182" count="0" type="stmt"/>
        <line num="187" count="0" type="stmt"/>
        <line num="202" count="0" type="stmt"/>
        <line num="225" count="0" type="stmt"/>
        <line num="234" count="0" type="stmt"/>
        <line num="253" count="0" type="stmt"/>
        <line num="262" count="0" type="stmt"/>
        <line num="264" count="0" type="stmt"/>
        <line num="277" count="0" type="stmt"/>
        <line num="278" count="0" type="stmt"/>
        <line num="280" count="0" type="stmt"/>
        <line num="286" count="0" type="stmt"/>
        <line num="291" count="0" type="stmt"/>
        <line num="300" count="0" type="stmt"/>
        <line num="307" count="1" type="stmt"/>
        <line num="308" count="1" type="stmt"/>
        <line num="309" count="1" type="stmt"/>
        <line num="311" count="1" type="stmt"/>
        <line num="317" count="0" type="stmt"/>
        <line num="324" count="1" type="cond" truecount="1" falsecount="1"/>
        <line num="325" count="0" type="stmt"/>
        <line num="326" count="0" type="stmt"/>
        <line num="331" count="1" type="stmt"/>
        <line num="332" count="0" type="stmt"/>
        <line num="334" count="0" type="stmt"/>
        <line num="335" count="0" type="stmt"/>
        <line num="337" count="0" type="stmt"/>
        <line num="358" count="0" type="stmt"/>
        <line num="364" count="0" type="stmt"/>
        <line num="366" count="0" type="stmt"/>
        <line num="372" count="0" type="stmt"/>
        <line num="376" count="1" type="stmt"/>
        <line num="381" count="0" type="stmt"/>
        <line num="383" count="0" type="stmt"/>
        <line num="385" count="0" type="stmt"/>
        <line num="387" count="0" type="stmt"/>
        <line num="399" count="0" type="cond" truecount="0" falsecount="2"/>
        <line num="400" count="0" type="stmt"/>
        <line num="407" count="0" type="stmt"/>
        <line num="410" count="0" type="stmt"/>
        <line num="415" count="0" type="stmt"/>
        <line num="422" count="0" type="stmt"/>
        <line num="427" count="0" type="stmt"/>
        <line num="433" count="0" type="stmt"/>
        <line num="437" count="0" type="stmt"/>
        <line num="442" count="0" type="stmt"/>
        <line num="450" count="0" type="stmt"/>
        <line num="456" count="1" type="stmt"/>
        <line num="461" count="0" type="stmt"/>
        <line num="463" count="0" type="stmt"/>
        <line num="465" count="0" type="stmt"/>
        <line num="467" count="0" type="stmt"/>
        <line num="483" count="0" type="cond" truecount="0" falsecount="2"/>
        <line num="485" count="0" type="stmt"/>
        <line num="492" count="0" type="stmt"/>
        <line num="495" count="0" type="cond" truecount="0" falsecount="2"/>
        <line num="499" count="0" type="stmt"/>
        <line num="505" count="0" type="stmt"/>
        <line num="513" count="0" type="stmt"/>
        <line num="518" count="0" type="stmt"/>
        <line num="523" count="0" type="stmt"/>
        <line num="528" count="0" type="stmt"/>
        <line num="533" count="0" type="stmt"/>
        <line num="537" count="0" type="stmt"/>
        <line num="542" count="0" type="stmt"/>
        <line num="548" count="0" type="stmt"/>
      </file>
      <file name="config.js" path="/Users/will/Documents/Projetos/APPVideo/upload-service/src/config.js">
        <metrics statements="1" coveredstatements="1" conditionals="16" coveredconditionals="16" methods="0" coveredmethods="0"/>
        <line num="1" count="1" type="stmt"/>
      </file>
    </package>
    <package name="src.infra">
      <metrics statements="2" coveredstatements="2" conditionals="4" coveredconditionals="2" methods="0" coveredmethods="0"/>
      <file name="s3.js" path="/Users/will/Documents/Projetos/APPVideo/upload-service/src/infra/s3.js">
        <metrics statements="1" coveredstatements="1" conditionals="2" coveredconditionals="1" methods="0" coveredmethods="0"/>
        <line num="4" count="1" type="stmt"/>
      </file>
      <file name="sqs.js" path="/Users/will/Documents/Projetos/APPVideo/upload-service/src/infra/sqs.js">
        <metrics statements="1" coveredstatements="1" conditionals="2" coveredconditionals="1" methods="0" coveredmethods="0"/>
        <line num="5" count="1" type="stmt"/>
      </file>
    </package>
    <package name="src.middleware">
      <metrics statements="10" coveredstatements="1" conditionals="6" coveredconditionals="2" methods="1" coveredmethods="0"/>
      <file name="auth.js" path="/Users/will/Documents/Projetos/APPVideo/upload-service/src/middleware/auth.js">
        <metrics statements="10" coveredstatements="1" conditionals="6" coveredconditionals="2" methods="1" coveredmethods="0"/>
        <line num="3" count="1" type="cond" truecount="2" falsecount="0"/>
        <line num="6" count="0" type="stmt"/>
        <line num="7" count="0" type="stmt"/>
        <line num="9" count="0" type="cond" truecount="0" falsecount="4"/>
        <line num="10" count="0" type="stmt"/>
        <line num="13" count="0" type="stmt"/>
        <line num="15" count="0" type="stmt"/>
        <line num="17" count="0" type="stmt"/>
        <line num="19" count="0" type="stmt"/>
        <line num="21" count="0" type="stmt"/>
      </file>
    </package>
  </project>
</coverage>
