{"/Users/will/Documents/Projetos/APPVideo/upload-service/src/app.js": {"path":"/Users/will/Documents/Projetos/APPVideo/upload-service/src/app.js","statementMap":{"0":{"start":{"line":18,"column":0},"end":{"line":20,"column":1}},"1":{"start":{"line":19,"column":2},"end":{"line":19,"column":27}},"2":{"start":{"line":22,"column":12},"end":{"line":22,"column":21}},"3":{"start":{"line":24,"column":2},"end":{"line":32,"column":7}},"4":{"start":{"line":27,"column":23},"end":{"line":27,"column":36}},"5":{"start":{"line":34,"column":0},"end":{"line":52,"column":2}},"6":{"start":{"line":39,"column":6},"end":{"line":41,"column":7}},"7":{"start":{"line":40,"column":8},"end":{"line":40,"column":36}},"8":{"start":{"line":43,"column":6},"end":{"line":45,"column":7}},"9":{"start":{"line":44,"column":8},"end":{"line":44,"column":36}},"10":{"start":{"line":47,"column":6},"end":{"line":49,"column":8}},"11":{"start":{"line":53,"column":0},"end":{"line":53,"column":24}},"12":{"start":{"line":55,"column":15},"end":{"line":59,"column":2}},"13":{"start":{"line":61,"column":0},"end":{"line":63,"column":4}},"14":{"start":{"line":65,"column":0},"end":{"line":68,"column":4}},"15":{"start":{"line":70,"column":0},"end":{"line":305,"column":2}},"16":{"start":{"line":76,"column":19},"end":{"line":76,"column":39}},"17":{"start":{"line":78,"column":4},"end":{"line":302,"column":5}},"18":{"start":{"line":80,"column":20},"end":{"line":80,"column":29}},"19":{"start":{"line":82,"column":6},"end":{"line":86,"column":7}},"20":{"start":{"line":83,"column":8},"end":{"line":85,"column":11}},"21":{"start":{"line":88,"column":31},"end":{"line":91,"column":7}},"22":{"start":{"line":93,"column":21},"end":{"line":93,"column":33}},"23":{"start":{"line":95,"column":29},"end":{"line":95,"column":31}},"24":{"start":{"line":97,"column":6},"end":{"line":97,"column":34}},"25":{"start":{"line":99,"column":6},"end":{"line":260,"column":7}},"26":{"start":{"line":101,"column":8},"end":{"line":114,"column":9}},"27":{"start":{"line":107,"column":10},"end":{"line":107,"column":41}},"28":{"start":{"line":109,"column":10},"end":{"line":112,"column":13}},"29":{"start":{"line":116,"column":24},"end":{"line":116,"column":32}},"30":{"start":{"line":117,"column":22},"end":{"line":117,"column":30}},"31":{"start":{"line":118,"column":24},"end":{"line":118,"column":32}},"32":{"start":{"line":121,"column":10},"end":{"line":121,"column":43}},"33":{"start":{"line":124,"column":10},"end":{"line":124,"column":29}},"34":{"start":{"line":127,"column":8},"end":{"line":134,"column":10}},"35":{"start":{"line":137,"column":8},"end":{"line":157,"column":10}},"36":{"start":{"line":160,"column":8},"end":{"line":180,"column":10}},"37":{"start":{"line":182,"column":6},"end":{"line":185,"column":9}},"38":{"start":{"line":187,"column":29},"end":{"line":199,"column":9}},"39":{"start":{"line":202,"column":8},"end":{"line":222,"column":10}},"40":{"start":{"line":225,"column":8},"end":{"line":231,"column":10}},"41":{"start":{"line":234,"column":8},"end":{"line":251,"column":10}},"42":{"start":{"line":253,"column":8},"end":{"line":258,"column":11}},"43":{"start":{"line":262,"column":6},"end":{"line":262,"column":35}},"44":{"start":{"line":264,"column":6},"end":{"line":273,"column":9}},"45":{"start":{"line":277,"column":6},"end":{"line":284,"column":7}},"46":{"start":{"line":278,"column":8},"end":{"line":278,"column":39}},"47":{"start":{"line":280,"column":8},"end":{"line":283,"column":10}},"48":{"start":{"line":286,"column":6},"end":{"line":289,"column":8}},"49":{"start":{"line":291,"column":6},"end":{"line":296,"column":9}},"50":{"start":{"line":300,"column":6},"end":{"line":300,"column":23}},"51":{"start":{"line":307,"column":0},"end":{"line":322,"column":3}},"52":{"start":{"line":308,"column":2},"end":{"line":321,"column":3}},"53":{"start":{"line":309,"column":4},"end":{"line":309,"column":33}},"54":{"start":{"line":311,"column":4},"end":{"line":315,"column":7}},"55":{"start":{"line":317,"column":4},"end":{"line":320,"column":7}},"56":{"start":{"line":324,"column":0},"end":{"line":328,"column":1}},"57":{"start":{"line":325,"column":2},"end":{"line":327,"column":5}},"58":{"start":{"line":326,"column":4},"end":{"line":326,"column":56}},"59":{"start":{"line":331,"column":0},"end":{"line":374,"column":3}},"60":{"start":{"line":332,"column":17},"end":{"line":332,"column":37}},"61":{"start":{"line":334,"column":2},"end":{"line":373,"column":3}},"62":{"start":{"line":335,"column":19},"end":{"line":335,"column":31}},"63":{"start":{"line":337,"column":19},"end":{"line":356,"column":5}},"64":{"start":{"line":358,"column":4},"end":{"line":361,"column":7}},"65":{"start":{"line":364,"column":4},"end":{"line":364,"column":49}},"66":{"start":{"line":366,"column":4},"end":{"line":369,"column":7}},"67":{"start":{"line":372,"column":4},"end":{"line":372,"column":21}},"68":{"start":{"line":376,"column":0},"end":{"line":454,"column":2}},"69":{"start":{"line":381,"column":19},"end":{"line":381,"column":39}},"70":{"start":{"line":383,"column":4},"end":{"line":452,"column":5}},"71":{"start":{"line":385,"column":26},"end":{"line":385,"column":36}},"72":{"start":{"line":387,"column":21},"end":{"line":397,"column":7}},"73":{"start":{"line":399,"column":6},"end":{"line":405,"column":7}},"74":{"start":{"line":400,"column":8},"end":{"line":404,"column":13}},"75":{"start":{"line":407,"column":20},"end":{"line":407,"column":34}},"76":{"start":{"line":410,"column":8},"end":{"line":413,"column":9}},"77":{"start":{"line":415,"column":23},"end":{"line":420,"column":7}},"78":{"start":{"line":422,"column":6},"end":{"line":425,"column":8}},"79":{"start":{"line":427,"column":6},"end":{"line":431,"column":8}},"80":{"start":{"line":433,"column":6},"end":{"line":433,"column":30}},"81":{"start":{"line":437,"column":6},"end":{"line":440,"column":8}},"82":{"start":{"line":442,"column":6},"end":{"line":446,"column":11}},"83":{"start":{"line":450,"column":6},"end":{"line":450,"column":23}},"84":{"start":{"line":456,"column":0},"end":{"line":553,"column":2}},"85":{"start":{"line":461,"column":19},"end":{"line":461,"column":39}},"86":{"start":{"line":463,"column":4},"end":{"line":550,"column":5}},"87":{"start":{"line":465,"column":26},"end":{"line":465,"column":36}},"88":{"start":{"line":467,"column":21},"end":{"line":480,"column":7}},"89":{"start":{"line":483,"column":6},"end":{"line":489,"column":7}},"90":{"start":{"line":485,"column":8},"end":{"line":487,"column":11}},"91":{"start":{"line":492,"column":2},"end":{"line":492,"column":24}},"92":{"start":{"line":495,"column":2},"end":{"line":496,"column":20}},"93":{"start":{"line":499,"column":2},"end":{"line":502,"column":3}},"94":{"start":{"line":505,"column":2},"end":{"line":510,"column":3}},"95":{"start":{"line":513,"column":2},"end":{"line":516,"column":3}},"96":{"start":{"line":518,"column":0},"end":{"line":521,"column":3}},"97":{"start":{"line":523,"column":0},"end":{"line":526,"column":2}},"98":{"start":{"line":528,"column":0},"end":{"line":531,"column":2}},"99":{"start":{"line":533,"column":0},"end":{"line":533,"column":24}},"100":{"start":{"line":537,"column":6},"end":{"line":540,"column":8}},"101":{"start":{"line":542,"column":6},"end":{"line":544,"column":9}},"102":{"start":{"line":548,"column":6},"end":{"line":548,"column":23}}},"fnMap":{"0":{"name":"(anonymous_0)","decl":{"start":{"line":27,"column":13},"end":{"line":27,"column":14}},"loc":{"start":{"line":27,"column":23},"end":{"line":27,"column":36}},"line":27},"1":{"name":"(anonymous_1)","decl":{"start":{"line":37,"column":4},"end":{"line":37,"column":5}},"loc":{"start":{"line":37,"column":29},"end":{"line":50,"column":5}},"line":37},"2":{"name":"(anonymous_2)","decl":{"start":{"line":74,"column":2},"end":{"line":74,"column":3}},"loc":{"start":{"line":74,"column":22},"end":{"line":304,"column":3}},"line":74},"3":{"name":"(anonymous_3)","decl":{"start":{"line":307,"column":19},"end":{"line":307,"column":20}},"loc":{"start":{"line":307,"column":39},"end":{"line":322,"column":1}},"line":307},"4":{"name":"(anonymous_4)","decl":{"start":{"line":325,"column":19},"end":{"line":325,"column":20}},"loc":{"start":{"line":325,"column":25},"end":{"line":327,"column":3}},"line":325},"5":{"name":"(anonymous_5)","decl":{"start":{"line":331,"column":35},"end":{"line":331,"column":36}},"loc":{"start":{"line":331,"column":55},"end":{"line":374,"column":1}},"line":331},"6":{"name":"(anonymous_6)","decl":{"start":{"line":379,"column":2},"end":{"line":379,"column":3}},"loc":{"start":{"line":379,"column":22},"end":{"line":453,"column":3}},"line":379},"7":{"name":"(anonymous_7)","decl":{"start":{"line":459,"column":2},"end":{"line":459,"column":3}},"loc":{"start":{"line":459,"column":22},"end":{"line":552,"column":3}},"line":459}},"branchMap":{"0":{"loc":{"start":{"line":18,"column":0},"end":{"line":20,"column":1}},"type":"if","locations":[{"start":{"line":18,"column":0},"end":{"line":20,"column":1}},{"start":{},"end":{}}],"line":18},"1":{"loc":{"start":{"line":24,"column":2},"end":{"line":32,"column":7}},"type":"cond-expr","locations":[{"start":{"line":25,"column":6},"end":{"line":27,"column":37}},{"start":{"line":28,"column":6},"end":{"line":32,"column":7}}],"line":24},"2":{"loc":{"start":{"line":39,"column":6},"end":{"line":41,"column":7}},"type":"if","locations":[{"start":{"line":39,"column":6},"end":{"line":41,"column":7}},{"start":{},"end":{}}],"line":39},"3":{"loc":{"start":{"line":43,"column":6},"end":{"line":45,"column":7}},"type":"if","locations":[{"start":{"line":43,"column":6},"end":{"line":45,"column":7}},{"start":{},"end":{}}],"line":43},"4":{"loc":{"start":{"line":82,"column":6},"end":{"line":86,"column":7}},"type":"if","locations":[{"start":{"line":82,"column":6},"end":{"line":86,"column":7}},{"start":{},"end":{}}],"line":82},"5":{"loc":{"start":{"line":82,"column":10},"end":{"line":82,"column":38}},"type":"binary-expr","locations":[{"start":{"line":82,"column":10},"end":{"line":82,"column":16}},{"start":{"line":82,"column":20},"end":{"line":82,"column":38}}],"line":82},"6":{"loc":{"start":{"line":101,"column":8},"end":{"line":114,"column":9}},"type":"if","locations":[{"start":{"line":101,"column":8},"end":{"line":114,"column":9}},{"start":{},"end":{}}],"line":101},"7":{"loc":{"start":{"line":324,"column":0},"end":{"line":328,"column":1}},"type":"if","locations":[{"start":{"line":324,"column":0},"end":{"line":328,"column":1}},{"start":{},"end":{}}],"line":324},"8":{"loc":{"start":{"line":399,"column":6},"end":{"line":405,"column":7}},"type":"if","locations":[{"start":{"line":399,"column":6},"end":{"line":405,"column":7}},{"start":{},"end":{}}],"line":399},"9":{"loc":{"start":{"line":429,"column":8},"end":{"line":430,"column":34}},"type":"binary-expr","locations":[{"start":{"line":429,"column":8},"end":{"line":429,"column":28}},{"start":{"line":430,"column":8},"end":{"line":430,"column":34}}],"line":429},"10":{"loc":{"start":{"line":483,"column":6},"end":{"line":489,"column":7}},"type":"if","locations":[{"start":{"line":483,"column":6},"end":{"line":489,"column":7}},{"start":{},"end":{}}],"line":483},"11":{"loc":{"start":{"line":495,"column":2},"end":{"line":496,"column":20}},"type":"binary-expr","locations":[{"start":{"line":495,"column":2},"end":{"line":495,"column":26}},{"start":{"line":496,"column":2},"end":{"line":496,"column":20}}],"line":495}},"s":{"0":1,"1":0,"2":1,"3":1,"4":0,"5":1,"6":1,"7":1,"8":0,"9":0,"10":0,"11":1,"12":1,"13":1,"14":1,"15":1,"16":0,"17":0,"18":0,"19":0,"20":0,"21":0,"22":0,"23":0,"24":0,"25":0,"26":0,"27":0,"28":0,"29":0,"30":0,"31":0,"32":0,"33":0,"34":0,"35":0,"36":0,"37":0,"38":0,"39":0,"40":0,"41":0,"42":0,"43":0,"44":0,"45":0,"46":0,"47":0,"48":0,"49":0,"50":0,"51":1,"52":1,"53":1,"54":1,"55":0,"56":1,"57":0,"58":0,"59":1,"60":0,"61":0,"62":0,"63":0,"64":0,"65":0,"66":0,"67":0,"68":1,"69":0,"70":0,"71":0,"72":0,"73":0,"74":0,"75":0,"76":0,"77":0,"78":0,"79":0,"80":0,"81":0,"82":0,"83":0,"84":1,"85":0,"86":0,"87":0,"88":0,"89":0,"90":0,"91":0,"92":0,"93":0,"94":0,"95":0,"96":0,"97":0,"98":0,"99":0,"100":0,"101":0,"102":0},"f":{"0":0,"1":1,"2":0,"3":1,"4":0,"5":0,"6":0,"7":0},"b":{"0":[0,1],"1":[0,1],"2":[1,0],"3":[0,0],"4":[0,0],"5":[0,0],"6":[0,0],"7":[0,1],"8":[0,0],"9":[0,0],"10":[0,0],"11":[0,0]},"_coverageSchema":"1a1c01bbd47fc00a2c39e90264f33305004495a9","hash":"151ff56d5bcb0d9bab2b250861c30e9c9b7a2b02"}
,"/Users/will/Documents/Projetos/APPVideo/upload-service/src/config.js": {"path":"/Users/will/Documents/Projetos/APPVideo/upload-service/src/config.js","statementMap":{"0":{"start":{"line":1,"column":22},"end":{"line":28,"column":1}}},"fnMap":{},"branchMap":{"0":{"loc":{"start":{"line":2,"column":13},"end":{"line":2,"column":50}},"type":"binary-expr","locations":[{"start":{"line":2,"column":13},"end":{"line":2,"column":35}},{"start":{"line":2,"column":39},"end":{"line":2,"column":50}}],"line":2},"1":{"loc":{"start":{"line":5,"column":13},"end":{"line":5,"column":54}},"type":"binary-expr","locations":[{"start":{"line":5,"column":13},"end":{"line":5,"column":38}},{"start":{"line":5,"column":42},"end":{"line":5,"column":54}}],"line":5},"2":{"loc":{"start":{"line":8,"column":4},"end":{"line":9,"column":22}},"type":"binary-expr","locations":[{"start":{"line":8,"column":4},"end":{"line":8,"column":31}},{"start":{"line":9,"column":4},"end":{"line":9,"column":22}}],"line":8},"3":{"loc":{"start":{"line":12,"column":4},"end":{"line":16,"column":6}},"type":"binary-expr","locations":[{"start":{"line":12,"column":4},"end":{"line":12,"column":35}},{"start":{"line":13,"column":4},"end":{"line":16,"column":6}}],"line":12},"4":{"loc":{"start":{"line":14,"column":6},"end":{"line":15,"column":24}},"type":"binary-expr","locations":[{"start":{"line":14,"column":6},"end":{"line":14,"column":33}},{"start":{"line":15,"column":6},"end":{"line":15,"column":24}}],"line":14},"5":{"loc":{"start":{"line":19,"column":4},"end":{"line":20,"column":18}},"type":"binary-expr","locations":[{"start":{"line":19,"column":4},"end":{"line":19,"column":38}},{"start":{"line":20,"column":4},"end":{"line":20,"column":18}}],"line":19},"6":{"loc":{"start":{"line":23,"column":4},"end":{"line":27,"column":6}},"type":"binary-expr","locations":[{"start":{"line":23,"column":4},"end":{"line":23,"column":42}},{"start":{"line":24,"column":4},"end":{"line":27,"column":6}}],"line":23},"7":{"loc":{"start":{"line":25,"column":6},"end":{"line":26,"column":20}},"type":"binary-expr","locations":[{"start":{"line":25,"column":6},"end":{"line":25,"column":40}},{"start":{"line":26,"column":6},"end":{"line":26,"column":20}}],"line":25}},"s":{"0":1},"f":{},"b":{"0":[1,1],"1":[1,1],"2":[1,1],"3":[1,1],"4":[1,1],"5":[1,1],"6":[1,1],"7":[1,1]},"_coverageSchema":"1a1c01bbd47fc00a2c39e90264f33305004495a9","hash":"8fc4b35b67e5075ac1f15dd4398830865cbf4119"}
,"/Users/will/Documents/Projetos/APPVideo/upload-service/src/infra/s3.js": {"path":"/Users/will/Documents/Projetos/APPVideo/upload-service/src/infra/s3.js","statementMap":{"0":{"start":{"line":4,"column":18},"end":{"line":11,"column":2}}},"fnMap":{},"branchMap":{"0":{"loc":{"start":{"line":7,"column":6},"end":{"line":10,"column":3}},"type":"binary-expr","locations":[{"start":{"line":7,"column":6},"end":{"line":7,"column":24}},{"start":{"line":7,"column":28},"end":{"line":10,"column":3}}],"line":7}},"s":{"0":1},"f":{},"b":{"0":[1,0]},"_coverageSchema":"1a1c01bbd47fc00a2c39e90264f33305004495a9","hash":"9ef87bcc0956772d892840a656baa63d830489e5"}
,"/Users/will/Documents/Projetos/APPVideo/upload-service/src/infra/sqs.js": {"path":"/Users/will/Documents/Projetos/APPVideo/upload-service/src/infra/sqs.js","statementMap":{"0":{"start":{"line":5,"column":19},"end":{"line":11,"column":2}}},"fnMap":{},"branchMap":{"0":{"loc":{"start":{"line":8,"column":6},"end":{"line":10,"column":3}},"type":"binary-expr","locations":[{"start":{"line":8,"column":6},"end":{"line":8,"column":24}},{"start":{"line":8,"column":28},"end":{"line":10,"column":3}}],"line":8}},"s":{"0":1},"f":{},"b":{"0":[1,0]},"_coverageSchema":"1a1c01bbd47fc00a2c39e90264f33305004495a9","hash":"9ed072aa85edb4c761a5293f2aa84d7f29cc378b"}
,"/Users/will/Documents/Projetos/APPVideo/upload-service/src/middleware/auth.js": {"path":"/Users/will/Documents/Projetos/APPVideo/upload-service/src/middleware/auth.js","statementMap":{"0":{"start":{"line":3,"column":19},"end":{"line":3,"column":66}},"1":{"start":{"line":6,"column":2},"end":{"line":22,"column":3}},"2":{"start":{"line":7,"column":23},"end":{"line":7,"column":48}},"3":{"start":{"line":9,"column":4},"end":{"line":11,"column":5}},"4":{"start":{"line":10,"column":6},"end":{"line":10,"column":74}},"5":{"start":{"line":13,"column":18},"end":{"line":13,"column":58}},"6":{"start":{"line":15,"column":20},"end":{"line":15,"column":49}},"7":{"start":{"line":17,"column":4},"end":{"line":17,"column":23}},"8":{"start":{"line":19,"column":4},"end":{"line":19,"column":18}},"9":{"start":{"line":21,"column":4},"end":{"line":21,"column":73}}},"fnMap":{"0":{"name":"authMiddleware","decl":{"start":{"line":5,"column":16},"end":{"line":5,"column":30}},"loc":{"start":{"line":5,"column":47},"end":{"line":23,"column":1}},"line":5}},"branchMap":{"0":{"loc":{"start":{"line":3,"column":19},"end":{"line":3,"column":66}},"type":"binary-expr","locations":[{"start":{"line":3,"column":19},"end":{"line":3,"column":41}},{"start":{"line":3,"column":45},"end":{"line":3,"column":66}}],"line":3},"1":{"loc":{"start":{"line":9,"column":4},"end":{"line":11,"column":5}},"type":"if","locations":[{"start":{"line":9,"column":4},"end":{"line":11,"column":5}},{"start":{},"end":{}}],"line":9},"2":{"loc":{"start":{"line":9,"column":8},"end":{"line":9,"column":56}},"type":"binary-expr","locations":[{"start":{"line":9,"column":8},"end":{"line":9,"column":19}},{"start":{"line":9,"column":23},"end":{"line":9,"column":56}}],"line":9}},"s":{"0":1,"1":0,"2":0,"3":0,"4":0,"5":0,"6":0,"7":0,"8":0,"9":0},"f":{"0":0},"b":{"0":[1,1],"1":[0,0],"2":[0,0]},"_coverageSchema":"1a1c01bbd47fc00a2c39e90264f33305004495a9","hash":"5a2488304ac7a776811d8f92d1d07e7f0f3dfc4e"}
}
