TN:
SF:src/app.js
FN:27,(anonymous_0)
FN:37,(anonymous_1)
FN:74,(anonymous_2)
FN:307,(anonymous_3)
FN:325,(anonymous_4)
FN:331,(anonymous_5)
FN:379,(anonymous_6)
FN:459,(anonymous_7)
FNF:8
FNH:2
FNDA:0,(anonymous_0)
FNDA:1,(anonymous_1)
FNDA:0,(anonymous_2)
FNDA:1,(anonymous_3)
FNDA:0,(anonymous_4)
FNDA:0,(anonymous_5)
FNDA:0,(anonymous_6)
FNDA:0,(anonymous_7)
DA:18,1
DA:19,0
DA:22,1
DA:24,1
DA:27,0
DA:34,1
DA:39,1
DA:40,1
DA:43,0
DA:44,0
DA:47,0
DA:53,1
DA:55,1
DA:61,1
DA:65,1
DA:70,1
DA:76,0
DA:78,0
DA:80,0
DA:82,0
DA:83,0
DA:88,0
DA:93,0
DA:95,0
DA:97,0
DA:99,0
DA:101,0
DA:107,0
DA:109,0
DA:116,0
DA:117,0
DA:118,0
DA:121,0
DA:124,0
DA:127,0
DA:137,0
DA:160,0
DA:182,0
DA:187,0
DA:202,0
DA:225,0
DA:234,0
DA:253,0
DA:262,0
DA:264,0
DA:277,0
DA:278,0
DA:280,0
DA:286,0
DA:291,0
DA:300,0
DA:307,1
DA:308,1
DA:309,1
DA:311,1
DA:317,0
DA:324,1
DA:325,0
DA:326,0
DA:331,1
DA:332,0
DA:334,0
DA:335,0
DA:337,0
DA:358,0
DA:364,0
DA:366,0
DA:372,0
DA:376,1
DA:381,0
DA:383,0
DA:385,0
DA:387,0
DA:399,0
DA:400,0
DA:407,0
DA:410,0
DA:415,0
DA:422,0
DA:427,0
DA:433,0
DA:437,0
DA:442,0
DA:450,0
DA:456,1
DA:461,0
DA:463,0
DA:465,0
DA:467,0
DA:483,0
DA:485,0
DA:492,0
DA:495,0
DA:499,0
DA:505,0
DA:513,0
DA:518,0
DA:523,0
DA:528,0
DA:533,0
DA:537,0
DA:542,0
DA:548,0
LF:103
LH:19
BRDA:18,0,0,0
BRDA:18,0,1,1
BRDA:24,1,0,0
BRDA:24,1,1,1
BRDA:39,2,0,1
BRDA:39,2,1,0
BRDA:43,3,0,0
BRDA:43,3,1,0
BRDA:82,4,0,0
BRDA:82,4,1,0
BRDA:82,5,0,0
BRDA:82,5,1,0
BRDA:101,6,0,0
BRDA:101,6,1,0
BRDA:324,7,0,0
BRDA:324,7,1,1
BRDA:399,8,0,0
BRDA:399,8,1,0
BRDA:429,9,0,0
BRDA:429,9,1,0
BRDA:483,10,0,0
BRDA:483,10,1,0
BRDA:495,11,0,0
BRDA:495,11,1,0
BRF:24
BRH:4
end_of_record
TN:
SF:src/config.js
FNF:0
FNH:0
DA:1,1
LF:1
LH:1
BRDA:2,0,0,1
BRDA:2,0,1,1
BRDA:5,1,0,1
BRDA:5,1,1,1
BRDA:8,2,0,1
BRDA:8,2,1,1
BRDA:12,3,0,1
BRDA:12,3,1,1
BRDA:14,4,0,1
BRDA:14,4,1,1
BRDA:19,5,0,1
BRDA:19,5,1,1
BRDA:23,6,0,1
BRDA:23,6,1,1
BRDA:25,7,0,1
BRDA:25,7,1,1
BRF:16
BRH:16
end_of_record
TN:
SF:src/infra/s3.js
FNF:0
FNH:0
DA:4,1
LF:1
LH:1
BRDA:7,0,0,1
BRDA:7,0,1,0
BRF:2
BRH:1
end_of_record
TN:
SF:src/infra/sqs.js
FNF:0
FNH:0
DA:5,1
LF:1
LH:1
BRDA:8,0,0,1
BRDA:8,0,1,0
BRF:2
BRH:1
end_of_record
TN:
SF:src/middleware/auth.js
FN:5,authMiddleware
FNF:1
FNH:0
FNDA:0,authMiddleware
DA:3,1
DA:6,0
DA:7,0
DA:9,0
DA:10,0
DA:13,0
DA:15,0
DA:17,0
DA:19,0
DA:21,0
LF:10
LH:1
BRDA:3,0,0,1
BRDA:3,0,1,1
BRDA:9,1,0,0
BRDA:9,1,1,0
BRDA:9,2,0,0
BRDA:9,2,1,0
BRF:6
BRH:2
end_of_record
