{"/Users/will/Documents/Projetos/APPVideo/zip-service/newrelic.js": {"path":"/Users/will/Documents/Projetos/APPVideo/zip-service/newrelic.js","statementMap":{"0":{"start":{"line":3,"column":0},"end":{"line":9,"column":2}}},"fnMap":{},"branchMap":{},"s":{"0":1},"f":{},"b":{},"_coverageSchema":"1a1c01bbd47fc00a2c39e90264f33305004495a9","hash":"e94e62899a3244290e3c59fef40bc1cf0591985e"}
,"/Users/will/Documents/Projetos/APPVideo/zip-service/src/config.js": {"path":"/Users/will/Documents/Projetos/APPVideo/zip-service/src/config.js","statementMap":{"0":{"start":{"line":1,"column":22},"end":{"line":26,"column":1}}},"fnMap":{},"branchMap":{"0":{"loc":{"start":{"line":2,"column":13},"end":{"line":2,"column":50}},"type":"binary-expr","locations":[{"start":{"line":2,"column":13},"end":{"line":2,"column":35}},{"start":{"line":2,"column":39},"end":{"line":2,"column":50}}],"line":2},"1":{"loc":{"start":{"line":5,"column":19},"end":{"line":5,"column":72}},"type":"binary-expr","locations":[{"start":{"line":5,"column":19},"end":{"line":5,"column":50}},{"start":{"line":5,"column":54},"end":{"line":5,"column":72}}],"line":5},"2":{"loc":{"start":{"line":6,"column":13},"end":{"line":6,"column":53}},"type":"binary-expr","locations":[{"start":{"line":6,"column":13},"end":{"line":6,"column":38}},{"start":{"line":6,"column":42},"end":{"line":6,"column":53}}],"line":6},"3":{"loc":{"start":{"line":8,"column":16},"end":{"line":8,"column":61}},"type":"binary-expr","locations":[{"start":{"line":8,"column":16},"end":{"line":8,"column":41}},{"start":{"line":8,"column":45},"end":{"line":8,"column":61}}],"line":8},"4":{"loc":{"start":{"line":10,"column":4},"end":{"line":11,"column":95}},"type":"binary-expr","locations":[{"start":{"line":10,"column":4},"end":{"line":10,"column":33}},{"start":{"line":11,"column":4},"end":{"line":11,"column":95}}],"line":10},"5":{"loc":{"start":{"line":11,"column":48},"end":{"line":11,"column":93}},"type":"binary-expr","locations":[{"start":{"line":11,"column":48},"end":{"line":11,"column":73}},{"start":{"line":11,"column":77},"end":{"line":11,"column":93}}],"line":11},"6":{"loc":{"start":{"line":14,"column":17},"end":{"line":14,"column":44}},"type":"binary-expr","locations":[{"start":{"line":14,"column":17},"end":{"line":14,"column":36}},{"start":{"line":14,"column":40},"end":{"line":14,"column":44}}],"line":14},"7":{"loc":{"start":{"line":19,"column":18},"end":{"line":19,"column":66}},"type":"binary-expr","locations":[{"start":{"line":19,"column":18},"end":{"line":19,"column":46}},{"start":{"line":19,"column":50},"end":{"line":19,"column":66}}],"line":19},"8":{"loc":{"start":{"line":20,"column":15},"end":{"line":20,"column":55}},"type":"binary-expr","locations":[{"start":{"line":20,"column":15},"end":{"line":20,"column":40}},{"start":{"line":20,"column":44},"end":{"line":20,"column":55}}],"line":20},"9":{"loc":{"start":{"line":22,"column":25},"end":{"line":22,"column":77}},"type":"binary-expr","locations":[{"start":{"line":22,"column":25},"end":{"line":22,"column":59}},{"start":{"line":22,"column":63},"end":{"line":22,"column":77}}],"line":22},"10":{"loc":{"start":{"line":24,"column":4},"end":{"line":25,"column":102}},"type":"binary-expr","locations":[{"start":{"line":24,"column":4},"end":{"line":24,"column":42}},{"start":{"line":25,"column":4},"end":{"line":25,"column":102}}],"line":24},"11":{"loc":{"start":{"line":25,"column":48},"end":{"line":25,"column":100}},"type":"binary-expr","locations":[{"start":{"line":25,"column":48},"end":{"line":25,"column":82}},{"start":{"line":25,"column":86},"end":{"line":25,"column":100}}],"line":25}},"s":{"0":1},"f":{},"b":{"0":[1,1],"1":[1,1],"2":[1,1],"3":[1,1],"4":[1,1],"5":[1,1],"6":[1,1],"7":[1,1],"8":[1,1],"9":[1,1],"10":[1,1],"11":[1,1]},"_coverageSchema":"1a1c01bbd47fc00a2c39e90264f33305004495a9","hash":"d84ef15f50fe3461ff89a41ba2b526408179fae2"}
,"/Users/will/Documents/Projetos/APPVideo/zip-service/src/worker.js": {"path":"/Users/will/Documents/Projetos/APPVideo/zip-service/src/worker.js","statementMap":{"0":{"start":{"line":24,"column":17},"end":{"line":24,"column":19}},"1":{"start":{"line":26,"column":2},"end":{"line":28,"column":3}},"2":{"start":{"line":27,"column":4},"end":{"line":27,"column":69}},"3":{"start":{"line":30,"column":2},"end":{"line":30,"column":31}},"4":{"start":{"line":34,"column":17},"end":{"line":34,"column":45}},"5":{"start":{"line":36,"column":2},"end":{"line":38,"column":3}},"6":{"start":{"line":37,"column":4},"end":{"line":37,"column":41}},"7":{"start":{"line":40,"column":2},"end":{"line":40,"column":18}},"8":{"start":{"line":44,"column":20},"end":{"line":44,"column":61}},"9":{"start":{"line":45,"column":2},"end":{"line":45,"column":49}},"10":{"start":{"line":47,"column":26},"end":{"line":47,"column":28}},"11":{"start":{"line":49,"column":2},"end":{"line":75,"column":3}},"12":{"start":{"line":50,"column":16},"end":{"line":50,"column":45}},"13":{"start":{"line":52,"column":21},"end":{"line":57,"column":5}},"14":{"start":{"line":59,"column":4},"end":{"line":61,"column":5}},"15":{"start":{"line":60,"column":6},"end":{"line":60,"column":59}},"16":{"start":{"line":63,"column":19},"end":{"line":63,"column":54}},"17":{"start":{"line":64,"column":21},"end":{"line":64,"column":39}},"18":{"start":{"line":65,"column":22},"end":{"line":65,"column":52}},"19":{"start":{"line":67,"column":4},"end":{"line":67,"column":42}},"20":{"start":{"line":69,"column":4},"end":{"line":74,"column":7}},"21":{"start":{"line":77,"column":2},"end":{"line":80,"column":4}},"22":{"start":{"line":89,"column":2},"end":{"line":89,"column":58}},"23":{"start":{"line":92,"column":2},"end":{"line":94,"column":13}},"24":{"start":{"line":97,"column":2},"end":{"line":97,"column":29}},"25":{"start":{"line":99,"column":18},"end":{"line":99,"column":60}},"26":{"start":{"line":101,"column":2},"end":{"line":126,"column":5}},"27":{"start":{"line":102,"column":19},"end":{"line":102,"column":45}},"28":{"start":{"line":103,"column":20},"end":{"line":103,"column":59}},"29":{"start":{"line":105,"column":4},"end":{"line":116,"column":7}},"30":{"start":{"line":106,"column":6},"end":{"line":115,"column":7}},"31":{"start":{"line":107,"column":22},"end":{"line":107,"column":44}},"32":{"start":{"line":108,"column":8},"end":{"line":112,"column":11}},"33":{"start":{"line":114,"column":8},"end":{"line":114,"column":22}},"34":{"start":{"line":118,"column":4},"end":{"line":118,"column":46}},"35":{"start":{"line":118,"column":33},"end":{"line":118,"column":44}},"36":{"start":{"line":119,"column":4},"end":{"line":119,"column":25}},"37":{"start":{"line":121,"column":4},"end":{"line":123,"column":5}},"38":{"start":{"line":122,"column":6},"end":{"line":122,"column":60}},"39":{"start":{"line":125,"column":4},"end":{"line":125,"column":23}},"40":{"start":{"line":130,"column":15},"end":{"line":130,"column":41}},"41":{"start":{"line":131,"column":14},"end":{"line":131,"column":30}},"42":{"start":{"line":133,"column":2},"end":{"line":140,"column":4}},"43":{"start":{"line":142,"column":2},"end":{"line":146,"column":4}},"44":{"start":{"line":150,"column":17},"end":{"line":150,"column":37}},"45":{"start":{"line":152,"column":2},"end":{"line":214,"column":3}},"46":{"start":{"line":153,"column":4},"end":{"line":153,"column":32}},"47":{"start":{"line":155,"column":4},"end":{"line":162,"column":6}},"48":{"start":{"line":164,"column":4},"end":{"line":172,"column":6}},"49":{"start":{"line":174,"column":4},"end":{"line":181,"column":6}},"50":{"start":{"line":183,"column":4},"end":{"line":189,"column":6}},"51":{"start":{"line":191,"column":4},"end":{"line":206,"column":6}},"52":{"start":{"line":208,"column":4},"end":{"line":208,"column":33}},"53":{"start":{"line":210,"column":4},"end":{"line":210,"column":35}},"54":{"start":{"line":211,"column":4},"end":{"line":211,"column":16}},"55":{"start":{"line":213,"column":4},"end":{"line":213,"column":21}},"56":{"start":{"line":218,"column":2},"end":{"line":350,"column":4}},"57":{"start":{"line":222,"column":26},"end":{"line":222,"column":51}},"58":{"start":{"line":224,"column":6},"end":{"line":348,"column":7}},"59":{"start":{"line":226,"column":8},"end":{"line":229,"column":9}},"60":{"start":{"line":227,"column":10},"end":{"line":227,"column":57}},"61":{"start":{"line":228,"column":10},"end":{"line":228,"column":17}},"62":{"start":{"line":231,"column":23},"end":{"line":231,"column":47}},"63":{"start":{"line":233,"column":8},"end":{"line":236,"column":9}},"64":{"start":{"line":234,"column":10},"end":{"line":234,"column":61}},"65":{"start":{"line":235,"column":10},"end":{"line":235,"column":17}},"66":{"start":{"line":243,"column":12},"end":{"line":243,"column":32}},"67":{"start":{"line":245,"column":8},"end":{"line":245,"column":57}},"68":{"start":{"line":247,"column":8},"end":{"line":251,"column":9}},"69":{"start":{"line":248,"column":10},"end":{"line":250,"column":12}},"70":{"start":{"line":253,"column":24},"end":{"line":253,"column":32}},"71":{"start":{"line":255,"column":8},"end":{"line":255,"column":60}},"72":{"start":{"line":256,"column":8},"end":{"line":259,"column":10}},"73":{"start":{"line":262,"column":23},"end":{"line":265,"column":9}},"74":{"start":{"line":267,"column":8},"end":{"line":273,"column":11}},"75":{"start":{"line":271,"column":19},"end":{"line":271,"column":29}},"76":{"start":{"line":276,"column":26},"end":{"line":280,"column":9}},"77":{"start":{"line":282,"column":8},"end":{"line":282,"column":57}},"78":{"start":{"line":286,"column":10},"end":{"line":289,"column":11}},"79":{"start":{"line":291,"column":8},"end":{"line":294,"column":10}},"80":{"start":{"line":297,"column":8},"end":{"line":300,"column":10}},"81":{"start":{"line":303,"column":8},"end":{"line":328,"column":9}},"82":{"start":{"line":305,"column":10},"end":{"line":319,"column":12}},"83":{"start":{"line":321,"column":10},"end":{"line":327,"column":12}},"84":{"start":{"line":330,"column":8},"end":{"line":336,"column":10}},"85":{"start":{"line":340,"column":8},"end":{"line":340,"column":36}},"86":{"start":{"line":342,"column":8},"end":{"line":342,"column":20}},"87":{"start":{"line":346,"column":8},"end":{"line":346,"column":26}},"88":{"start":{"line":354,"column":2},"end":{"line":395,"column":3}},"89":{"start":{"line":355,"column":21},"end":{"line":362,"column":5}},"90":{"start":{"line":364,"column":4},"end":{"line":367,"column":5}},"91":{"start":{"line":365,"column":6},"end":{"line":365,"column":52}},"92":{"start":{"line":366,"column":6},"end":{"line":366,"column":13}},"93":{"start":{"line":369,"column":4},"end":{"line":392,"column":5}},"94":{"start":{"line":370,"column":6},"end":{"line":391,"column":7}},"95":{"start":{"line":371,"column":8},"end":{"line":371,"column":38}},"96":{"start":{"line":373,"column":8},"end":{"line":381,"column":9}},"97":{"start":{"line":374,"column":10},"end":{"line":379,"column":12}},"98":{"start":{"line":380,"column":10},"end":{"line":380,"column":63}},"99":{"start":{"line":383,"column":8},"end":{"line":390,"column":4}},"100":{"start":{"line":394,"column":4},"end":{"line":394,"column":75}},"101":{"start":{"line":399,"column":2},"end":{"line":413,"column":3}},"102":{"start":{"line":400,"column":4},"end":{"line":400,"column":33}},"103":{"start":{"line":401,"column":4},"end":{"line":401,"column":43}},"104":{"start":{"line":402,"column":4},"end":{"line":402,"column":63}},"105":{"start":{"line":403,"column":4},"end":{"line":403,"column":55}},"106":{"start":{"line":404,"column":4},"end":{"line":404,"column":69}},"107":{"start":{"line":405,"column":4},"end":{"line":405,"column":63}},"108":{"start":{"line":407,"column":4},"end":{"line":409,"column":13}},"109":{"start":{"line":408,"column":6},"end":{"line":408,"column":24}},"110":{"start":{"line":411,"column":4},"end":{"line":411,"column":65}},"111":{"start":{"line":412,"column":4},"end":{"line":412,"column":20}},"112":{"start":{"line":416,"column":0},"end":{"line":418,"column":1}},"113":{"start":{"line":417,"column":2},"end":{"line":417,"column":14}}},"fnMap":{"0":{"name":"streamToBuffer","decl":{"start":{"line":23,"column":22},"end":{"line":23,"column":36}},"loc":{"start":{"line":23,"column":45},"end":{"line":31,"column":1}},"line":23},"1":{"name":"extractProcessedKey","decl":{"start":{"line":33,"column":16},"end":{"line":33,"column":35}},"loc":{"start":{"line":33,"column":46},"end":{"line":41,"column":1}},"line":33},"2":{"name":"downloadFrames","decl":{"start":{"line":43,"column":15},"end":{"line":43,"column":29}},"loc":{"start":{"line":43,"column":46},"end":{"line":81,"column":1}},"line":43},"3":{"name":"createZip","decl":{"start":{"line":83,"column":15},"end":{"line":83,"column":24}},"loc":{"start":{"line":88,"column":0},"end":{"line":127,"column":1}},"line":88},"4":{"name":"(anonymous_4)","decl":{"start":{"line":101,"column":21},"end":{"line":101,"column":22}},"loc":{"start":{"line":101,"column":42},"end":{"line":126,"column":3}},"line":101},"5":{"name":"(anonymous_5)","decl":{"start":{"line":105,"column":23},"end":{"line":105,"column":24}},"loc":{"start":{"line":105,"column":35},"end":{"line":116,"column":5}},"line":105},"6":{"name":"(anonymous_6)","decl":{"start":{"line":118,"column":24},"end":{"line":118,"column":25}},"loc":{"start":{"line":118,"column":33},"end":{"line":118,"column":44}},"line":118},"7":{"name":"uploadZipToS3","decl":{"start":{"line":129,"column":15},"end":{"line":129,"column":28}},"loc":{"start":{"line":129,"column":47},"end":{"line":147,"column":1}},"line":129},"8":{"name":"finalizeZipCompleted","decl":{"start":{"line":149,"column":15},"end":{"line":149,"column":35}},"loc":{"start":{"line":149,"column":56},"end":{"line":215,"column":1}},"line":149},"9":{"name":"processMessage","decl":{"start":{"line":217,"column":15},"end":{"line":217,"column":29}},"loc":{"start":{"line":217,"column":39},"end":{"line":351,"column":1}},"line":217},"10":{"name":"(anonymous_10)","decl":{"start":{"line":220,"column":4},"end":{"line":220,"column":5}},"loc":{"start":{"line":220,"column":16},"end":{"line":349,"column":5}},"line":220},"11":{"name":"(anonymous_11)","decl":{"start":{"line":271,"column":12},"end":{"line":271,"column":13}},"loc":{"start":{"line":271,"column":19},"end":{"line":271,"column":29}},"line":271},"12":{"name":"pollQueue","decl":{"start":{"line":353,"column":15},"end":{"line":353,"column":24}},"loc":{"start":{"line":353,"column":27},"end":{"line":396,"column":1}},"line":353},"13":{"name":"bootstrap","decl":{"start":{"line":398,"column":15},"end":{"line":398,"column":24}},"loc":{"start":{"line":398,"column":27},"end":{"line":414,"column":1}},"line":398},"14":{"name":"(anonymous_14)","decl":{"start":{"line":407,"column":16},"end":{"line":407,"column":17}},"loc":{"start":{"line":407,"column":28},"end":{"line":409,"column":5}},"line":407}},"branchMap":{"0":{"loc":{"start":{"line":27,"column":16},"end":{"line":27,"column":67}},"type":"cond-expr","locations":[{"start":{"line":27,"column":41},"end":{"line":27,"column":46}},{"start":{"line":27,"column":49},"end":{"line":27,"column":67}}],"line":27},"1":{"loc":{"start":{"line":36,"column":2},"end":{"line":38,"column":3}},"type":"if","locations":[{"start":{"line":36,"column":2},"end":{"line":38,"column":3}},{"start":{},"end":{}}],"line":36},"2":{"loc":{"start":{"line":59,"column":4},"end":{"line":61,"column":5}},"type":"if","locations":[{"start":{"line":59,"column":4},"end":{"line":61,"column":5}},{"start":{},"end":{}}],"line":59},"3":{"loc":{"start":{"line":92,"column":2},"end":{"line":94,"column":13}},"type":"cond-expr","locations":[{"start":{"line":93,"column":6},"end":{"line":93,"column":47}},{"start":{"line":94,"column":6},"end":{"line":94,"column":13}}],"line":92},"4":{"loc":{"start":{"line":226,"column":8},"end":{"line":229,"column":9}},"type":"if","locations":[{"start":{"line":226,"column":8},"end":{"line":229,"column":9}},{"start":{},"end":{}}],"line":226},"5":{"loc":{"start":{"line":233,"column":8},"end":{"line":236,"column":9}},"type":"if","locations":[{"start":{"line":233,"column":8},"end":{"line":236,"column":9}},{"start":{},"end":{}}],"line":233},"6":{"loc":{"start":{"line":243,"column":12},"end":{"line":243,"column":32}},"type":"binary-expr","locations":[{"start":{"line":243,"column":12},"end":{"line":243,"column":26}},{"start":{"line":243,"column":30},"end":{"line":243,"column":32}}],"line":243},"7":{"loc":{"start":{"line":247,"column":8},"end":{"line":251,"column":9}},"type":"if","locations":[{"start":{"line":247,"column":8},"end":{"line":251,"column":9}},{"start":{},"end":{}}],"line":247},"8":{"loc":{"start":{"line":247,"column":12},"end":{"line":247,"column":68}},"type":"binary-expr","locations":[{"start":{"line":247,"column":12},"end":{"line":247,"column":21}},{"start":{"line":247,"column":25},"end":{"line":247,"column":46}},{"start":{"line":247,"column":50},"end":{"line":247,"column":68}}],"line":247},"9":{"loc":{"start":{"line":303,"column":8},"end":{"line":328,"column":9}},"type":"if","locations":[{"start":{"line":303,"column":8},"end":{"line":328,"column":9}},{"start":{},"end":{}}],"line":303},"10":{"loc":{"start":{"line":364,"column":4},"end":{"line":367,"column":5}},"type":"if","locations":[{"start":{"line":364,"column":4},"end":{"line":367,"column":5}},{"start":{},"end":{}}],"line":364},"11":{"loc":{"start":{"line":364,"column":8},"end":{"line":364,"column":60}},"type":"binary-expr","locations":[{"start":{"line":364,"column":8},"end":{"line":364,"column":26}},{"start":{"line":364,"column":30},"end":{"line":364,"column":60}}],"line":364},"12":{"loc":{"start":{"line":373,"column":8},"end":{"line":381,"column":9}},"type":"if","locations":[{"start":{"line":373,"column":8},"end":{"line":381,"column":9}},{"start":{},"end":{}}],"line":373},"13":{"loc":{"start":{"line":416,"column":0},"end":{"line":418,"column":1}},"type":"if","locations":[{"start":{"line":416,"column":0},"end":{"line":418,"column":1}},{"start":{},"end":{}}],"line":416}},"s":{"0":0,"1":0,"2":0,"3":0,"4":2,"5":2,"6":1,"7":1,"8":0,"9":0,"10":0,"11":0,"12":0,"13":0,"14":0,"15":0,"16":0,"17":0,"18":0,"19":0,"20":0,"21":0,"22":0,"23":0,"24":0,"25":0,"26":0,"27":0,"28":0,"29":0,"30":0,"31":0,"32":0,"33":0,"34":0,"35":0,"36":0,"37":0,"38":0,"39":0,"40":0,"41":0,"42":0,"43":0,"44":0,"45":0,"46":0,"47":0,"48":0,"49":0,"50":0,"51":0,"52":0,"53":0,"54":0,"55":0,"56":0,"57":0,"58":0,"59":0,"60":0,"61":0,"62":0,"63":0,"64":0,"65":0,"66":0,"67":0,"68":0,"69":0,"70":0,"71":0,"72":0,"73":0,"74":0,"75":0,"76":0,"77":0,"78":0,"79":0,"80":0,"81":0,"82":0,"83":0,"84":0,"85":0,"86":0,"87":0,"88":0,"89":0,"90":0,"91":0,"92":0,"93":0,"94":0,"95":0,"96":0,"97":0,"98":0,"99":0,"100":0,"101":0,"102":0,"103":0,"104":0,"105":0,"106":0,"107":0,"108":0,"109":0,"110":0,"111":0,"112":1,"113":0},"f":{"0":0,"1":2,"2":0,"3":0,"4":0,"5":0,"6":0,"7":0,"8":0,"9":0,"10":0,"11":0,"12":0,"13":0,"14":0},"b":{"0":[0,0],"1":[1,1],"2":[0,0],"3":[0,0],"4":[0,0],"5":[0,0],"6":[0,0],"7":[0,0],"8":[0,0,0],"9":[0,0],"10":[0,0],"11":[0,0],"12":[0,0],"13":[0,1]},"_coverageSchema":"1a1c01bbd47fc00a2c39e90264f33305004495a9","hash":"5b6839a9b95590ef84f7caea4930a67031224f8d"}
,"/Users/will/Documents/Projetos/APPVideo/zip-service/src/infra/db.js": {"path":"/Users/will/Documents/Projetos/APPVideo/zip-service/src/infra/db.js","statementMap":{"0":{"start":{"line":3,"column":17},"end":{"line":3,"column":20}},"1":{"start":{"line":5,"column":20},"end":{"line":11,"column":2}}},"fnMap":{},"branchMap":{"0":{"loc":{"start":{"line":7,"column":15},"end":{"line":7,"column":42}},"type":"binary-expr","locations":[{"start":{"line":7,"column":15},"end":{"line":7,"column":34}},{"start":{"line":7,"column":38},"end":{"line":7,"column":42}}],"line":7}},"s":{"0":1,"1":1},"f":{},"b":{"0":[1,1]},"_coverageSchema":"1a1c01bbd47fc00a2c39e90264f33305004495a9","hash":"69e32cbc4cc52da9ead377bef24a86faba580e64"}
,"/Users/will/Documents/Projetos/APPVideo/zip-service/src/infra/s3.js": {"path":"/Users/will/Documents/Projetos/APPVideo/zip-service/src/infra/s3.js","statementMap":{"0":{"start":{"line":4,"column":18},"end":{"line":11,"column":2}}},"fnMap":{},"branchMap":{"0":{"loc":{"start":{"line":7,"column":6},"end":{"line":10,"column":3}},"type":"binary-expr","locations":[{"start":{"line":7,"column":6},"end":{"line":7,"column":24}},{"start":{"line":7,"column":28},"end":{"line":10,"column":3}}],"line":7}},"s":{"0":1},"f":{},"b":{"0":[1,0]},"_coverageSchema":"1a1c01bbd47fc00a2c39e90264f33305004495a9","hash":"3893fb19b9bd75688b655294d334fc62f8cfcc91"}
,"/Users/will/Documents/Projetos/APPVideo/zip-service/src/infra/sqs.js": {"path":"/Users/will/Documents/Projetos/APPVideo/zip-service/src/infra/sqs.js","statementMap":{"0":{"start":{"line":5,"column":19},"end":{"line":11,"column":2}}},"fnMap":{},"branchMap":{"0":{"loc":{"start":{"line":8,"column":6},"end":{"line":10,"column":3}},"type":"binary-expr","locations":[{"start":{"line":8,"column":6},"end":{"line":8,"column":24}},{"start":{"line":8,"column":28},"end":{"line":10,"column":3}}],"line":8}},"s":{"0":1},"f":{},"b":{"0":[1,0]},"_coverageSchema":"1a1c01bbd47fc00a2c39e90264f33305004495a9","hash":"5dc72cec94b80aa3815bb66425b0a326ae883109"}
}
