TN:
SF:newrelic.js
FNF:0
FNH:0
DA:3,1
LF:1
LH:1
BRF:0
BRH:0
end_of_record
TN:
SF:src/config.js
FNF:0
FNH:0
DA:1,1
LF:1
LH:1
BRDA:2,0,0,1
BRDA:2,0,1,1
BRDA:5,1,0,1
BRDA:5,1,1,1
BRDA:6,2,0,1
BRDA:6,2,1,1
BRDA:8,3,0,1
BRDA:8,3,1,1
BRDA:10,4,0,1
BRDA:10,4,1,1
BRDA:11,5,0,1
BRDA:11,5,1,1
BRDA:14,6,0,1
BRDA:14,6,1,1
BRDA:19,7,0,1
BRDA:19,7,1,1
BRDA:20,8,0,1
BRDA:20,8,1,1
BRDA:22,9,0,1
BRDA:22,9,1,1
BRDA:24,10,0,1
BRDA:24,10,1,1
BRDA:25,11,0,1
BRDA:25,11,1,1
BRF:24
BRH:24
end_of_record
TN:
SF:src/worker.js
FN:23,streamToBuffer
FN:33,extractProcessedKey
FN:43,downloadFrames
FN:83,createZip
FN:101,(anonymous_4)
FN:105,(anonymous_5)
FN:118,(anonymous_6)
FN:129,uploadZipToS3
FN:149,finalizeZipCompleted
FN:217,processMessage
FN:220,(anonymous_10)
FN:271,(anonymous_11)
FN:353,pollQueue
FN:398,bootstrap
FN:407,(anonymous_14)
FNF:15
FNH:1
FNDA:0,streamToBuffer
FNDA:2,extractProcessedKey
FNDA:0,downloadFrames
FNDA:0,createZip
FNDA:0,(anonymous_4)
FNDA:0,(anonymous_5)
FNDA:0,(anonymous_6)
FNDA:0,uploadZipToS3
FNDA:0,finalizeZipCompleted
FNDA:0,processMessage
FNDA:0,(anonymous_10)
FNDA:0,(anonymous_11)
FNDA:0,pollQueue
FNDA:0,bootstrap
FNDA:0,(anonymous_14)
DA:24,0
DA:26,0
DA:27,0
DA:30,0
DA:34,2
DA:36,2
DA:37,1
DA:40,1
DA:44,0
DA:45,0
DA:47,0
DA:49,0
DA:50,0
DA:52,0
DA:59,0
DA:60,0
DA:63,0
DA:64,0
DA:65,0
DA:67,0
DA:69,0
DA:77,0
DA:89,0
DA:92,0
DA:97,0
DA:99,0
DA:101,0
DA:102,0
DA:103,0
DA:105,0
DA:106,0
DA:107,0
DA:108,0
DA:114,0
DA:118,0
DA:119,0
DA:121,0
DA:122,0
DA:125,0
DA:130,0
DA:131,0
DA:133,0
DA:142,0
DA:150,0
DA:152,0
DA:153,0
DA:155,0
DA:164,0
DA:174,0
DA:183,0
DA:191,0
DA:208,0
DA:210,0
DA:211,0
DA:213,0
DA:218,0
DA:222,0
DA:224,0
DA:226,0
DA:227,0
DA:228,0
DA:231,0
DA:233,0
DA:234,0
DA:235,0
DA:243,0
DA:245,0
DA:247,0
DA:248,0
DA:253,0
DA:255,0
DA:256,0
DA:262,0
DA:267,0
DA:271,0
DA:276,0
DA:282,0
DA:286,0
DA:291,0
DA:297,0
DA:303,0
DA:305,0
DA:321,0
DA:330,0
DA:340,0
DA:342,0
DA:346,0
DA:354,0
DA:355,0
DA:364,0
DA:365,0
DA:366,0
DA:369,0
DA:370,0
DA:371,0
DA:373,0
DA:374,0
DA:380,0
DA:383,0
DA:394,0
DA:399,0
DA:400,0
DA:401,0
DA:402,0
DA:403,0
DA:404,0
DA:405,0
DA:407,0
DA:408,0
DA:411,0
DA:412,0
DA:416,1
DA:417,0
LF:113
LH:5
BRDA:27,0,0,0
BRDA:27,0,1,0
BRDA:36,1,0,1
BRDA:36,1,1,1
BRDA:59,2,0,0
BRDA:59,2,1,0
BRDA:92,3,0,0
BRDA:92,3,1,0
BRDA:226,4,0,0
BRDA:226,4,1,0
BRDA:233,5,0,0
BRDA:233,5,1,0
BRDA:243,6,0,0
BRDA:243,6,1,0
BRDA:247,7,0,0
BRDA:247,7,1,0
BRDA:247,8,0,0
BRDA:247,8,1,0
BRDA:247,8,2,0
BRDA:303,9,0,0
BRDA:303,9,1,0
BRDA:364,10,0,0
BRDA:364,10,1,0
BRDA:364,11,0,0
BRDA:364,11,1,0
BRDA:373,12,0,0
BRDA:373,12,1,0
BRDA:416,13,0,0
BRDA:416,13,1,1
BRF:29
BRH:3
end_of_record
TN:
SF:src/infra/db.js
FNF:0
FNH:0
DA:3,1
DA:5,1
LF:2
LH:2
BRDA:7,0,0,1
BRDA:7,0,1,1
BRF:2
BRH:2
end_of_record
TN:
SF:src/infra/s3.js
FNF:0
FNH:0
DA:4,1
LF:1
LH:1
BRDA:7,0,0,1
BRDA:7,0,1,0
BRF:2
BRH:1
end_of_record
TN:
SF:src/infra/sqs.js
FNF:0
FNH:0
DA:5,1
LF:1
LH:1
BRDA:8,0,0,1
BRDA:8,0,1,0
BRF:2
BRH:1
end_of_record
