{"/Users/will/Documents/Projetos/APPVideo/video-processor-worker/newrelic.js": {"path":"/Users/will/Documents/Projetos/APPVideo/video-processor-worker/newrelic.js","statementMap":{"0":{"start":{"line":3,"column":0},"end":{"line":9,"column":2}}},"fnMap":{},"branchMap":{},"s":{"0":1},"f":{},"b":{},"_coverageSchema":"1a1c01bbd47fc00a2c39e90264f33305004495a9","hash":"2bef195290d65e4426e8cffc93100ada6e6374e5"}
,"/Users/will/Documents/Projetos/APPVideo/video-processor-worker/src/config.js": {"path":"/Users/will/Documents/Projetos/APPVideo/video-processor-worker/src/config.js","statementMap":{"0":{"start":{"line":1,"column":22},"end":{"line":26,"column":1}}},"fnMap":{},"branchMap":{"0":{"loc":{"start":{"line":2,"column":13},"end":{"line":2,"column":50}},"type":"binary-expr","locations":[{"start":{"line":2,"column":13},"end":{"line":2,"column":35}},{"start":{"line":2,"column":39},"end":{"line":2,"column":50}}],"line":2},"1":{"loc":{"start":{"line":5,"column":13},"end":{"line":5,"column":54}},"type":"binary-expr","locations":[{"start":{"line":5,"column":13},"end":{"line":5,"column":38}},{"start":{"line":5,"column":42},"end":{"line":5,"column":54}}],"line":5},"2":{"loc":{"start":{"line":6,"column":19},"end":{"line":6,"column":72}},"type":"binary-expr","locations":[{"start":{"line":6,"column":19},"end":{"line":6,"column":50}},{"start":{"line":6,"column":54},"end":{"line":6,"column":72}}],"line":6},"3":{"loc":{"start":{"line":8,"column":18},"end":{"line":8,"column":67}},"type":"binary-expr","locations":[{"start":{"line":8,"column":18},"end":{"line":8,"column":45}},{"start":{"line":8,"column":49},"end":{"line":8,"column":67}}],"line":8},"4":{"loc":{"start":{"line":10,"column":4},"end":{"line":11,"column":99}},"type":"binary-expr","locations":[{"start":{"line":10,"column":4},"end":{"line":10,"column":35}},{"start":{"line":11,"column":4},"end":{"line":11,"column":99}}],"line":10},"5":{"loc":{"start":{"line":11,"column":48},"end":{"line":11,"column":97}},"type":"binary-expr","locations":[{"start":{"line":11,"column":48},"end":{"line":11,"column":75}},{"start":{"line":11,"column":79},"end":{"line":11,"column":97}}],"line":11},"6":{"loc":{"start":{"line":13,"column":16},"end":{"line":13,"column":61}},"type":"binary-expr","locations":[{"start":{"line":13,"column":16},"end":{"line":13,"column":41}},{"start":{"line":13,"column":45},"end":{"line":13,"column":61}}],"line":13},"7":{"loc":{"start":{"line":15,"column":4},"end":{"line":16,"column":95}},"type":"binary-expr","locations":[{"start":{"line":15,"column":4},"end":{"line":15,"column":33}},{"start":{"line":16,"column":4},"end":{"line":16,"column":95}}],"line":15},"8":{"loc":{"start":{"line":16,"column":48},"end":{"line":16,"column":93}},"type":"binary-expr","locations":[{"start":{"line":16,"column":48},"end":{"line":16,"column":73}},{"start":{"line":16,"column":77},"end":{"line":16,"column":93}}],"line":16},"9":{"loc":{"start":{"line":19,"column":17},"end":{"line":19,"column":44}},"type":"binary-expr","locations":[{"start":{"line":19,"column":17},"end":{"line":19,"column":36}},{"start":{"line":19,"column":40},"end":{"line":19,"column":44}}],"line":19},"10":{"loc":{"start":{"line":24,"column":17},"end":{"line":24,"column":61}},"type":"binary-expr","locations":[{"start":{"line":24,"column":17},"end":{"line":24,"column":44}},{"start":{"line":24,"column":48},"end":{"line":24,"column":61}}],"line":24},"11":{"loc":{"start":{"line":25,"column":18},"end":{"line":25,"column":63}},"type":"binary-expr","locations":[{"start":{"line":25,"column":18},"end":{"line":25,"column":46}},{"start":{"line":25,"column":50},"end":{"line":25,"column":63}}],"line":25}},"s":{"0":1},"f":{},"b":{"0":[1,1],"1":[1,1],"2":[1,1],"3":[1,1],"4":[1,1],"5":[1,1],"6":[1,1],"7":[1,1],"8":[1,1],"9":[1,1],"10":[1,1],"11":[1,1]},"_coverageSchema":"1a1c01bbd47fc00a2c39e90264f33305004495a9","hash":"da158d11ae08cf60b472413d9064db5360df30a0"}
,"/Users/will/Documents/Projetos/APPVideo/video-processor-worker/src/worker.js": {"path":"/Users/will/Documents/Projetos/APPVideo/video-processor-worker/src/worker.js","statementMap":{"0":{"start":{"line":27,"column":22},"end":{"line":27,"column":41}},"1":{"start":{"line":30,"column":17},"end":{"line":30,"column":19}},"2":{"start":{"line":32,"column":2},"end":{"line":34,"column":3}},"3":{"start":{"line":33,"column":4},"end":{"line":33,"column":69}},"4":{"start":{"line":36,"column":2},"end":{"line":36,"column":31}},"5":{"start":{"line":40,"column":17},"end":{"line":40,"column":39}},"6":{"start":{"line":42,"column":2},"end":{"line":44,"column":3}},"7":{"start":{"line":43,"column":4},"end":{"line":43,"column":39}},"8":{"start":{"line":46,"column":2},"end":{"line":46,"column":16}},"9":{"start":{"line":50,"column":14},"end":{"line":50,"column":42}},"10":{"start":{"line":52,"column":2},"end":{"line":52,"column":60}},"11":{"start":{"line":54,"column":21},"end":{"line":57,"column":3}},"12":{"start":{"line":59,"column":19},"end":{"line":64,"column":3}},"13":{"start":{"line":66,"column":2},"end":{"line":68,"column":3}},"14":{"start":{"line":67,"column":4},"end":{"line":67,"column":47}},"15":{"start":{"line":70,"column":17},"end":{"line":70,"column":52}},"16":{"start":{"line":71,"column":2},"end":{"line":71,"column":41}},"17":{"start":{"line":73,"column":2},"end":{"line":77,"column":4}},"18":{"start":{"line":86,"column":4},"end":{"line":89,"column":5}},"19":{"start":{"line":91,"column":2},"end":{"line":94,"column":4}},"20":{"start":{"line":97,"column":4},"end":{"line":100,"column":5}},"21":{"start":{"line":102,"column":2},"end":{"line":122,"column":4}},"22":{"start":{"line":125,"column":4},"end":{"line":125,"column":33}},"23":{"start":{"line":128,"column":4},"end":{"line":142,"column":9}},"24":{"start":{"line":130,"column":8},"end":{"line":130,"column":29}},"25":{"start":{"line":133,"column":20},"end":{"line":142,"column":7}},"26":{"start":{"line":144,"column":2},"end":{"line":147,"column":4}},"27":{"start":{"line":156,"column":19},"end":{"line":156,"column":21}},"28":{"start":{"line":158,"column":2},"end":{"line":186,"column":3}},"29":{"start":{"line":161,"column":6},"end":{"line":163,"column":7}},"30":{"start":{"line":166,"column":6},"end":{"line":166,"column":40}},"31":{"start":{"line":168,"column":4},"end":{"line":176,"column":6}},"32":{"start":{"line":178,"column":4},"end":{"line":184,"column":7}},"33":{"start":{"line":188,"column":2},"end":{"line":188,"column":18}},"34":{"start":{"line":193,"column":17},"end":{"line":193,"column":37}},"35":{"start":{"line":195,"column":2},"end":{"line":205,"column":3}},"36":{"start":{"line":196,"column":4},"end":{"line":202,"column":6}},"37":{"start":{"line":204,"column":4},"end":{"line":204,"column":21}},"38":{"start":{"line":209,"column":2},"end":{"line":213,"column":2}},"39":{"start":{"line":214,"column":17},"end":{"line":214,"column":37}},"40":{"start":{"line":216,"column":2},"end":{"line":260,"column":3}},"41":{"start":{"line":217,"column":4},"end":{"line":217,"column":32}},"42":{"start":{"line":219,"column":4},"end":{"line":226,"column":6}},"43":{"start":{"line":228,"column":4},"end":{"line":236,"column":6}},"44":{"start":{"line":238,"column":4},"end":{"line":252,"column":6}},"45":{"start":{"line":254,"column":4},"end":{"line":254,"column":33}},"46":{"start":{"line":256,"column":4},"end":{"line":256,"column":35}},"47":{"start":{"line":257,"column":4},"end":{"line":257,"column":16}},"48":{"start":{"line":259,"column":4},"end":{"line":259,"column":21}},"49":{"start":{"line":268,"column":17},"end":{"line":268,"column":37}},"50":{"start":{"line":270,"column":2},"end":{"line":387,"column":3}},"51":{"start":{"line":271,"column":23},"end":{"line":271,"column":63}},"52":{"start":{"line":272,"column":21},"end":{"line":272,"column":29}},"53":{"start":{"line":273,"column":20},"end":{"line":273,"column":28}},"54":{"start":{"line":275,"column":24},"end":{"line":283,"column":7}},"55":{"start":{"line":286,"column":2},"end":{"line":286,"column":32}},"56":{"start":{"line":288,"column":25},"end":{"line":301,"column":5}},"57":{"start":{"line":298,"column":41},"end":{"line":298,"column":49}},"58":{"start":{"line":303,"column":4},"end":{"line":303,"column":32}},"59":{"start":{"line":306,"column":4},"end":{"line":313,"column":6}},"60":{"start":{"line":315,"column":4},"end":{"line":323,"column":6}},"61":{"start":{"line":326,"column":4},"end":{"line":333,"column":6}},"62":{"start":{"line":335,"column":4},"end":{"line":341,"column":6}},"63":{"start":{"line":344,"column":27},"end":{"line":353,"column":5}},"64":{"start":{"line":355,"column":4},"end":{"line":363,"column":5}},"65":{"start":{"line":356,"column":6},"end":{"line":362,"column":8}},"66":{"start":{"line":366,"column":4},"end":{"line":377,"column":6}},"67":{"start":{"line":379,"column":4},"end":{"line":379,"column":33}},"68":{"start":{"line":381,"column":4},"end":{"line":381,"column":24}},"69":{"start":{"line":383,"column":4},"end":{"line":383,"column":35}},"70":{"start":{"line":384,"column":4},"end":{"line":384,"column":16}},"71":{"start":{"line":386,"column":4},"end":{"line":386,"column":21}},"72":{"start":{"line":391,"column":2},"end":{"line":396,"column":4}},"73":{"start":{"line":403,"column":2},"end":{"line":417,"column":4}},"74":{"start":{"line":421,"column":2},"end":{"line":567,"column":4}},"75":{"start":{"line":424,"column":26},"end":{"line":424,"column":51}},"76":{"start":{"line":426,"column":6},"end":{"line":565,"column":7}},"77":{"start":{"line":427,"column":8},"end":{"line":430,"column":9}},"78":{"start":{"line":428,"column":10},"end":{"line":428,"column":57}},"79":{"start":{"line":429,"column":10},"end":{"line":429,"column":17}},"80":{"start":{"line":432,"column":23},"end":{"line":432,"column":47}},"81":{"start":{"line":434,"column":8},"end":{"line":437,"column":9}},"82":{"start":{"line":435,"column":10},"end":{"line":435,"column":61}},"83":{"start":{"line":436,"column":10},"end":{"line":436,"column":17}},"84":{"start":{"line":443,"column":12},"end":{"line":443,"column":32}},"85":{"start":{"line":445,"column":8},"end":{"line":449,"column":9}},"86":{"start":{"line":446,"column":10},"end":{"line":448,"column":12}},"87":{"start":{"line":451,"column":8},"end":{"line":457,"column":12}},"88":{"start":{"line":459,"column":8},"end":{"line":459,"column":46}},"89":{"start":{"line":462,"column":8},"end":{"line":462,"column":46}},"90":{"start":{"line":464,"column":8},"end":{"line":466,"column":10}},"91":{"start":{"line":465,"column":10},"end":{"line":465,"column":36}},"92":{"start":{"line":469,"column":8},"end":{"line":474,"column":9}},"93":{"start":{"line":470,"column":10},"end":{"line":473,"column":12}},"94":{"start":{"line":478,"column":10},"end":{"line":481,"column":11}},"95":{"start":{"line":483,"column":8},"end":{"line":488,"column":11}},"96":{"start":{"line":490,"column":8},"end":{"line":499,"column":10}},"97":{"start":{"line":503,"column":10},"end":{"line":506,"column":11}},"98":{"start":{"line":508,"column":8},"end":{"line":514,"column":11}},"99":{"start":{"line":512,"column":19},"end":{"line":512,"column":29}},"100":{"start":{"line":518,"column":10},"end":{"line":521,"column":11}},"101":{"start":{"line":523,"column":8},"end":{"line":525,"column":10}},"102":{"start":{"line":524,"column":10},"end":{"line":524,"column":36}},"103":{"start":{"line":529,"column":10},"end":{"line":533,"column":11}},"104":{"start":{"line":535,"column":8},"end":{"line":538,"column":10}},"105":{"start":{"line":541,"column":8},"end":{"line":541,"column":51}},"106":{"start":{"line":543,"column":8},"end":{"line":549,"column":10}},"107":{"start":{"line":551,"column":8},"end":{"line":554,"column":10}},"108":{"start":{"line":558,"column":8},"end":{"line":558,"column":36}},"109":{"start":{"line":559,"column":8},"end":{"line":559,"column":20}},"110":{"start":{"line":563,"column":8},"end":{"line":563,"column":26}},"111":{"start":{"line":571,"column":2},"end":{"line":607,"column":3}},"112":{"start":{"line":572,"column":20},"end":{"line":577,"column":6}},"113":{"start":{"line":579,"column":21},"end":{"line":579,"column":44}},"114":{"start":{"line":581,"column":4},"end":{"line":584,"column":5}},"115":{"start":{"line":582,"column":6},"end":{"line":582,"column":52}},"116":{"start":{"line":583,"column":6},"end":{"line":583,"column":13}},"117":{"start":{"line":586,"column":4},"end":{"line":604,"column":5}},"118":{"start":{"line":587,"column":6},"end":{"line":603,"column":7}},"119":{"start":{"line":588,"column":8},"end":{"line":588,"column":38}},"120":{"start":{"line":590,"column":8},"end":{"line":599,"column":9}},"121":{"start":{"line":591,"column":10},"end":{"line":596,"column":12}},"122":{"start":{"line":598,"column":10},"end":{"line":598,"column":63}},"123":{"start":{"line":601,"column":8},"end":{"line":601,"column":76}},"124":{"start":{"line":606,"column":4},"end":{"line":606,"column":60}},"125":{"start":{"line":611,"column":2},"end":{"line":626,"column":3}},"126":{"start":{"line":612,"column":4},"end":{"line":612,"column":33}},"127":{"start":{"line":613,"column":4},"end":{"line":613,"column":43}},"128":{"start":{"line":614,"column":4},"end":{"line":614,"column":58}},"129":{"start":{"line":615,"column":4},"end":{"line":615,"column":65}},"130":{"start":{"line":616,"column":4},"end":{"line":616,"column":70}},"131":{"start":{"line":617,"column":4},"end":{"line":617,"column":69}},"132":{"start":{"line":618,"column":4},"end":{"line":618,"column":62}},"133":{"start":{"line":620,"column":4},"end":{"line":622,"column":13}},"134":{"start":{"line":621,"column":6},"end":{"line":621,"column":24}},"135":{"start":{"line":624,"column":4},"end":{"line":624,"column":60}},"136":{"start":{"line":625,"column":4},"end":{"line":625,"column":20}},"137":{"start":{"line":629,"column":0},"end":{"line":631,"column":1}},"138":{"start":{"line":630,"column":2},"end":{"line":630,"column":14}}},"fnMap":{"0":{"name":"streamToBuffer","decl":{"start":{"line":29,"column":15},"end":{"line":29,"column":29}},"loc":{"start":{"line":29,"column":38},"end":{"line":37,"column":1}},"line":29},"1":{"name":"extractKeyFromS3Path","decl":{"start":{"line":39,"column":16},"end":{"line":39,"column":36}},"loc":{"start":{"line":39,"column":45},"end":{"line":47,"column":1}},"line":39},"2":{"name":"downloadVideoFromS3","decl":{"start":{"line":49,"column":15},"end":{"line":49,"column":34}},"loc":{"start":{"line":49,"column":53},"end":{"line":78,"column":1}},"line":49},"3":{"name":"createVideoFragments","decl":{"start":{"line":80,"column":15},"end":{"line":80,"column":35}},"loc":{"start":{"line":83,"column":2},"end":{"line":149,"column":1}},"line":83},"4":{"name":"(anonymous_4)","decl":{"start":{"line":129,"column":14},"end":{"line":129,"column":15}},"loc":{"start":{"line":130,"column":8},"end":{"line":130,"column":29}},"line":130},"5":{"name":"(anonymous_5)","decl":{"start":{"line":133,"column":11},"end":{"line":133,"column":12}},"loc":{"start":{"line":133,"column":20},"end":{"line":142,"column":7}},"line":133},"6":{"name":"uploadFragmentsToS3","decl":{"start":{"line":151,"column":15},"end":{"line":151,"column":34}},"loc":{"start":{"line":154,"column":2},"end":{"line":190,"column":1}},"line":154},"7":{"name":"registerEvent","decl":{"start":{"line":192,"column":15},"end":{"line":192,"column":28}},"loc":{"start":{"line":192,"column":57},"end":{"line":206,"column":1}},"line":192},"8":{"name":"markProcessingStarted","decl":{"start":{"line":208,"column":15},"end":{"line":208,"column":36}},"loc":{"start":{"line":208,"column":47},"end":{"line":261,"column":1}},"line":208},"9":{"name":"finalizeFramesExtracted","decl":{"start":{"line":263,"column":15},"end":{"line":263,"column":38}},"loc":{"start":{"line":267,"column":4},"end":{"line":388,"column":1}},"line":267},"10":{"name":"(anonymous_10)","decl":{"start":{"line":298,"column":34},"end":{"line":298,"column":35}},"loc":{"start":{"line":298,"column":41},"end":{"line":298,"column":49}},"line":298},"11":{"name":"publishFramesReady","decl":{"start":{"line":390,"column":15},"end":{"line":390,"column":33}},"loc":{"start":{"line":390,"column":48},"end":{"line":397,"column":1}},"line":390},"12":{"name":"publishProcessingNotification","decl":{"start":{"line":399,"column":15},"end":{"line":399,"column":44}},"loc":{"start":{"line":402,"column":2},"end":{"line":418,"column":1}},"line":402},"13":{"name":"processMessage","decl":{"start":{"line":420,"column":15},"end":{"line":420,"column":29}},"loc":{"start":{"line":420,"column":39},"end":{"line":568,"column":1}},"line":420},"14":{"name":"(anonymous_14)","decl":{"start":{"line":423,"column":4},"end":{"line":423,"column":5}},"loc":{"start":{"line":423,"column":16},"end":{"line":566,"column":5}},"line":423},"15":{"name":"(anonymous_15)","decl":{"start":{"line":464,"column":26},"end":{"line":464,"column":27}},"loc":{"start":{"line":465,"column":10},"end":{"line":465,"column":36}},"line":465},"16":{"name":"(anonymous_16)","decl":{"start":{"line":512,"column":12},"end":{"line":512,"column":13}},"loc":{"start":{"line":512,"column":19},"end":{"line":512,"column":29}},"line":512},"17":{"name":"(anonymous_17)","decl":{"start":{"line":523,"column":26},"end":{"line":523,"column":27}},"loc":{"start":{"line":524,"column":10},"end":{"line":524,"column":36}},"line":524},"18":{"name":"pollQueue","decl":{"start":{"line":570,"column":15},"end":{"line":570,"column":24}},"loc":{"start":{"line":570,"column":27},"end":{"line":608,"column":1}},"line":570},"19":{"name":"bootstrap","decl":{"start":{"line":610,"column":15},"end":{"line":610,"column":24}},"loc":{"start":{"line":610,"column":27},"end":{"line":627,"column":1}},"line":610},"20":{"name":"(anonymous_20)","decl":{"start":{"line":620,"column":16},"end":{"line":620,"column":17}},"loc":{"start":{"line":620,"column":28},"end":{"line":622,"column":5}},"line":620}},"branchMap":{"0":{"loc":{"start":{"line":33,"column":16},"end":{"line":33,"column":67}},"type":"cond-expr","locations":[{"start":{"line":33,"column":41},"end":{"line":33,"column":46}},{"start":{"line":33,"column":49},"end":{"line":33,"column":67}}],"line":33},"1":{"loc":{"start":{"line":42,"column":2},"end":{"line":44,"column":3}},"type":"if","locations":[{"start":{"line":42,"column":2},"end":{"line":44,"column":3}},{"start":{},"end":{}}],"line":42},"2":{"loc":{"start":{"line":66,"column":2},"end":{"line":68,"column":3}},"type":"if","locations":[{"start":{"line":66,"column":2},"end":{"line":68,"column":3}},{"start":{},"end":{}}],"line":66},"3":{"loc":{"start":{"line":355,"column":4},"end":{"line":363,"column":5}},"type":"if","locations":[{"start":{"line":355,"column":4},"end":{"line":363,"column":5}},{"start":{},"end":{}}],"line":355},"4":{"loc":{"start":{"line":427,"column":8},"end":{"line":430,"column":9}},"type":"if","locations":[{"start":{"line":427,"column":8},"end":{"line":430,"column":9}},{"start":{},"end":{}}],"line":427},"5":{"loc":{"start":{"line":434,"column":8},"end":{"line":437,"column":9}},"type":"if","locations":[{"start":{"line":434,"column":8},"end":{"line":437,"column":9}},{"start":{},"end":{}}],"line":434},"6":{"loc":{"start":{"line":443,"column":12},"end":{"line":443,"column":32}},"type":"binary-expr","locations":[{"start":{"line":443,"column":12},"end":{"line":443,"column":26}},{"start":{"line":443,"column":30},"end":{"line":443,"column":32}}],"line":443},"7":{"loc":{"start":{"line":445,"column":8},"end":{"line":449,"column":9}},"type":"if","locations":[{"start":{"line":445,"column":8},"end":{"line":449,"column":9}},{"start":{},"end":{}}],"line":445},"8":{"loc":{"start":{"line":445,"column":12},"end":{"line":445,"column":33}},"type":"binary-expr","locations":[{"start":{"line":445,"column":12},"end":{"line":445,"column":21}},{"start":{"line":445,"column":25},"end":{"line":445,"column":33}}],"line":445},"9":{"loc":{"start":{"line":469,"column":8},"end":{"line":474,"column":9}},"type":"if","locations":[{"start":{"line":469,"column":8},"end":{"line":474,"column":9}},{"start":{},"end":{}}],"line":469},"10":{"loc":{"start":{"line":581,"column":4},"end":{"line":584,"column":5}},"type":"if","locations":[{"start":{"line":581,"column":4},"end":{"line":584,"column":5}},{"start":{},"end":{}}],"line":581},"11":{"loc":{"start":{"line":581,"column":8},"end":{"line":581,"column":60}},"type":"binary-expr","locations":[{"start":{"line":581,"column":8},"end":{"line":581,"column":26}},{"start":{"line":581,"column":30},"end":{"line":581,"column":60}}],"line":581},"12":{"loc":{"start":{"line":590,"column":8},"end":{"line":599,"column":9}},"type":"if","locations":[{"start":{"line":590,"column":8},"end":{"line":599,"column":9}},{"start":{},"end":{}}],"line":590},"13":{"loc":{"start":{"line":629,"column":0},"end":{"line":631,"column":1}},"type":"if","locations":[{"start":{"line":629,"column":0},"end":{"line":631,"column":1}},{"start":{},"end":{}}],"line":629}},"s":{"0":1,"1":0,"2":0,"3":0,"4":0,"5":2,"6":2,"7":1,"8":1,"9":0,"10":0,"11":0,"12":0,"13":0,"14":0,"15":0,"16":0,"17":0,"18":0,"19":0,"20":0,"21":0,"22":0,"23":0,"24":0,"25":0,"26":0,"27":0,"28":0,"29":0,"30":0,"31":0,"32":0,"33":0,"34":0,"35":0,"36":0,"37":0,"38":0,"39":0,"40":0,"41":0,"42":0,"43":0,"44":0,"45":0,"46":0,"47":0,"48":0,"49":0,"50":0,"51":0,"52":0,"53":0,"54":0,"55":0,"56":0,"57":0,"58":0,"59":0,"60":0,"61":0,"62":0,"63":0,"64":0,"65":0,"66":0,"67":0,"68":0,"69":0,"70":0,"71":0,"72":0,"73":0,"74":0,"75":0,"76":0,"77":0,"78":0,"79":0,"80":0,"81":0,"82":0,"83":0,"84":0,"85":0,"86":0,"87":0,"88":0,"89":0,"90":0,"91":0,"92":0,"93":0,"94":0,"95":0,"96":0,"97":0,"98":0,"99":0,"100":0,"101":0,"102":0,"103":0,"104":0,"105":0,"106":0,"107":0,"108":0,"109":0,"110":0,"111":0,"112":0,"113":0,"114":0,"115":0,"116":0,"117":0,"118":0,"119":0,"120":0,"121":0,"122":0,"123":0,"124":0,"125":0,"126":0,"127":0,"128":0,"129":0,"130":0,"131":0,"132":0,"133":0,"134":0,"135":0,"136":0,"137":1,"138":0},"f":{"0":0,"1":2,"2":0,"3":0,"4":0,"5":0,"6":0,"7":0,"8":0,"9":0,"10":0,"11":0,"12":0,"13":0,"14":0,"15":0,"16":0,"17":0,"18":0,"19":0,"20":0},"b":{"0":[0,0],"1":[1,1],"2":[0,0],"3":[0,0],"4":[0,0],"5":[0,0],"6":[0,0],"7":[0,0],"8":[0,0],"9":[0,0],"10":[0,0],"11":[0,0],"12":[0,0],"13":[0,1]},"_coverageSchema":"1a1c01bbd47fc00a2c39e90264f33305004495a9","hash":"c99ecb3072f100e98cbdfec1990713e23d6c809c"}
,"/Users/will/Documents/Projetos/APPVideo/video-processor-worker/src/infra/db.js": {"path":"/Users/will/Documents/Projetos/APPVideo/video-processor-worker/src/infra/db.js","statementMap":{"0":{"start":{"line":3,"column":17},"end":{"line":3,"column":20}},"1":{"start":{"line":5,"column":20},"end":{"line":11,"column":2}}},"fnMap":{},"branchMap":{"0":{"loc":{"start":{"line":7,"column":15},"end":{"line":7,"column":42}},"type":"binary-expr","locations":[{"start":{"line":7,"column":15},"end":{"line":7,"column":34}},{"start":{"line":7,"column":38},"end":{"line":7,"column":42}}],"line":7}},"s":{"0":1,"1":1},"f":{},"b":{"0":[1,1]},"_coverageSchema":"1a1c01bbd47fc00a2c39e90264f33305004495a9","hash":"46620cb1158e04d917af0f9ead94bcc16b307b2a"}
,"/Users/will/Documents/Projetos/APPVideo/video-processor-worker/src/infra/s3.js": {"path":"/Users/will/Documents/Projetos/APPVideo/video-processor-worker/src/infra/s3.js","statementMap":{"0":{"start":{"line":4,"column":18},"end":{"line":11,"column":2}}},"fnMap":{},"branchMap":{"0":{"loc":{"start":{"line":7,"column":6},"end":{"line":10,"column":3}},"type":"binary-expr","locations":[{"start":{"line":7,"column":6},"end":{"line":7,"column":24}},{"start":{"line":7,"column":28},"end":{"line":10,"column":3}}],"line":7}},"s":{"0":1},"f":{},"b":{"0":[1,0]},"_coverageSchema":"1a1c01bbd47fc00a2c39e90264f33305004495a9","hash":"ccdd817be8a9004c851f09f7e7ae76e3c247e72c"}
,"/Users/will/Documents/Projetos/APPVideo/video-processor-worker/src/infra/sqs.js": {"path":"/Users/will/Documents/Projetos/APPVideo/video-processor-worker/src/infra/sqs.js","statementMap":{"0":{"start":{"line":5,"column":19},"end":{"line":11,"column":2}}},"fnMap":{},"branchMap":{"0":{"loc":{"start":{"line":8,"column":6},"end":{"line":10,"column":3}},"type":"binary-expr","locations":[{"start":{"line":8,"column":6},"end":{"line":8,"column":24}},{"start":{"line":8,"column":28},"end":{"line":10,"column":3}}],"line":8}},"s":{"0":1},"f":{},"b":{"0":[1,0]},"_coverageSchema":"1a1c01bbd47fc00a2c39e90264f33305004495a9","hash":"5e7cc06a62b79e1a7307e0bcbaae39fb8b58835e"}
}
