TN:
SF:newrelic.js
FNF:0
FNH:0
DA:3,1
LF:1
LH:1
BRF:0
BRH:0
end_of_record
TN:
SF:src/config.js
FNF:0
FNH:0
DA:1,1
LF:1
LH:1
BRDA:2,0,0,1
BRDA:2,0,1,1
BRDA:5,1,0,1
BRDA:5,1,1,1
BRDA:6,2,0,1
BRDA:6,2,1,1
BRDA:8,3,0,1
BRDA:8,3,1,1
BRDA:10,4,0,1
BRDA:10,4,1,1
BRDA:11,5,0,1
BRDA:11,5,1,1
BRDA:13,6,0,1
BRDA:13,6,1,1
BRDA:15,7,0,1
BRDA:15,7,1,1
BRDA:16,8,0,1
BRDA:16,8,1,1
BRDA:19,9,0,1
BRDA:19,9,1,1
BRDA:24,10,0,1
BRDA:24,10,1,1
BRDA:25,11,0,1
BRDA:25,11,1,1
BRF:24
BRH:24
end_of_record
TN:
SF:src/worker.js
FN:29,streamToBuffer
FN:39,extractKeyFromS3Path
FN:49,downloadVideoFromS3
FN:80,createVideoFragments
FN:129,(anonymous_4)
FN:133,(anonymous_5)
FN:151,uploadFragmentsToS3
FN:192,registerEvent
FN:208,markProcessingStarted
FN:263,finalizeFramesExtracted
FN:298,(anonymous_10)
FN:390,publishFramesReady
FN:399,publishProcessingNotification
FN:420,processMessage
FN:423,(anonymous_14)
FN:464,(anonymous_15)
FN:512,(anonymous_16)
FN:523,(anonymous_17)
FN:570,pollQueue
FN:610,bootstrap
FN:620,(anonymous_20)
FNF:21
FNH:1
FNDA:0,streamToBuffer
FNDA:2,extractKeyFromS3Path
FNDA:0,downloadVideoFromS3
FNDA:0,createVideoFragments
FNDA:0,(anonymous_4)
FNDA:0,(anonymous_5)
FNDA:0,uploadFragmentsToS3
FNDA:0,registerEvent
FNDA:0,markProcessingStarted
FNDA:0,finalizeFramesExtracted
FNDA:0,(anonymous_10)
FNDA:0,publishFramesReady
FNDA:0,publishProcessingNotification
FNDA:0,processMessage
FNDA:0,(anonymous_14)
FNDA:0,(anonymous_15)
FNDA:0,(anonymous_16)
FNDA:0,(anonymous_17)
FNDA:0,pollQueue
FNDA:0,bootstrap
FNDA:0,(anonymous_20)
DA:27,1
DA:30,0
DA:32,0
DA:33,0
DA:36,0
DA:40,2
DA:42,2
DA:43,1
DA:46,1
DA:50,0
DA:52,0
DA:54,0
DA:59,0
DA:66,0
DA:67,0
DA:70,0
DA:71,0
DA:73,0
DA:86,0
DA:91,0
DA:97,0
DA:102,0
DA:125,0
DA:128,0
DA:130,0
DA:133,0
DA:144,0
DA:156,0
DA:158,0
DA:161,0
DA:166,0
DA:168,0
DA:178,0
DA:188,0
DA:193,0
DA:195,0
DA:196,0
DA:204,0
DA:209,0
DA:214,0
DA:216,0
DA:217,0
DA:219,0
DA:228,0
DA:238,0
DA:254,0
DA:256,0
DA:257,0
DA:259,0
DA:268,0
DA:270,0
DA:271,0
DA:272,0
DA:273,0
DA:275,0
DA:286,0
DA:288,0
DA:298,0
DA:303,0
DA:306,0
DA:315,0
DA:326,0
DA:335,0
DA:344,0
DA:355,0
DA:356,0
DA:366,0
DA:379,0
DA:381,0
DA:383,0
DA:384,0
DA:386,0
DA:391,0
DA:403,0
DA:421,0
DA:424,0
DA:426,0
DA:427,0
DA:428,0
DA:429,0
DA:432,0
DA:434,0
DA:435,0
DA:436,0
DA:443,0
DA:445,0
DA:446,0
DA:451,0
DA:459,0
DA:462,0
DA:464,0
DA:465,0
DA:469,0
DA:470,0
DA:478,0
DA:483,0
DA:490,0
DA:503,0
DA:508,0
DA:512,0
DA:518,0
DA:523,0
DA:524,0
DA:529,0
DA:535,0
DA:541,0
DA:543,0
DA:551,0
DA:558,0
DA:559,0
DA:563,0
DA:571,0
DA:572,0
DA:579,0
DA:581,0
DA:582,0
DA:583,0
DA:586,0
DA:587,0
DA:588,0
DA:590,0
DA:591,0
DA:598,0
DA:601,0
DA:606,0
DA:611,0
DA:612,0
DA:613,0
DA:614,0
DA:615,0
DA:616,0
DA:617,0
DA:618,0
DA:620,0
DA:621,0
DA:624,0
DA:625,0
DA:629,1
DA:630,0
LF:139
LH:6
BRDA:33,0,0,0
BRDA:33,0,1,0
BRDA:42,1,0,1
BRDA:42,1,1,1
BRDA:66,2,0,0
BRDA:66,2,1,0
BRDA:355,3,0,0
BRDA:355,3,1,0
BRDA:427,4,0,0
BRDA:427,4,1,0
BRDA:434,5,0,0
BRDA:434,5,1,0
BRDA:443,6,0,0
BRDA:443,6,1,0
BRDA:445,7,0,0
BRDA:445,7,1,0
BRDA:445,8,0,0
BRDA:445,8,1,0
BRDA:469,9,0,0
BRDA:469,9,1,0
BRDA:581,10,0,0
BRDA:581,10,1,0
BRDA:581,11,0,0
BRDA:581,11,1,0
BRDA:590,12,0,0
BRDA:590,12,1,0
BRDA:629,13,0,0
BRDA:629,13,1,1
BRF:28
BRH:3
end_of_record
TN:
SF:src/infra/db.js
FNF:0
FNH:0
DA:3,1
DA:5,1
LF:2
LH:2
BRDA:7,0,0,1
BRDA:7,0,1,1
BRF:2
BRH:2
end_of_record
TN:
SF:src/infra/s3.js
FNF:0
FNH:0
DA:4,1
LF:1
LH:1
BRDA:7,0,0,1
BRDA:7,0,1,0
BRF:2
BRH:1
end_of_record
TN:
SF:src/infra/sqs.js
FNF:0
FNH:0
DA:5,1
LF:1
LH:1
BRDA:8,0,0,1
BRDA:8,0,1,0
BRF:2
BRH:1
end_of_record
