{"/Users/will/Documents/Projetos/APPVideo/notification-service/src/config.js": {"path":"/Users/will/Documents/Projetos/APPVideo/notification-service/src/config.js","statementMap":{"0":{"start":{"line":1,"column":22},"end":{"line":8,"column":1}}},"fnMap":{},"branchMap":{"0":{"loc":{"start":{"line":2,"column":13},"end":{"line":2,"column":50}},"type":"binary-expr","locations":[{"start":{"line":2,"column":13},"end":{"line":2,"column":35}},{"start":{"line":2,"column":39},"end":{"line":2,"column":50}}],"line":2},"1":{"loc":{"start":{"line":6,"column":4},"end":{"line":7,"column":59}},"type":"binary-expr","locations":[{"start":{"line":6,"column":4},"end":{"line":6,"column":42}},{"start":{"line":7,"column":4},"end":{"line":7,"column":59}}],"line":6}},"s":{"0":1},"f":{},"b":{"0":[1,1],"1":[1,1]},"_coverageSchema":"1a1c01bbd47fc00a2c39e90264f33305004495a9","hash":"834941a2ca2c6a8dbd1c6cd0a3be583740741537"}
,"/Users/will/Documents/Projetos/APPVideo/notification-service/src/worker.js": {"path":"/Users/will/Documents/Projetos/APPVideo/notification-service/src/worker.js","statementMap":{"0":{"start":{"line":12,"column":2},"end":{"line":13,"column":26}},"1":{"start":{"line":16,"column":18},"end":{"line":16,"column":43}},"2":{"start":{"line":18,"column":2},"end":{"line":18,"column":30}},"3":{"start":{"line":18,"column":20},"end":{"line":18,"column":30}},"4":{"start":{"line":19,"column":2},"end":{"line":19,"column":31}},"5":{"start":{"line":19,"column":21},"end":{"line":19,"column":31}},"6":{"start":{"line":20,"column":2},"end":{"line":20,"column":31}},"7":{"start":{"line":20,"column":21},"end":{"line":20,"column":31}},"8":{"start":{"line":21,"column":2},"end":{"line":21,"column":32}},"9":{"start":{"line":21,"column":21},"end":{"line":21,"column":32}},"10":{"start":{"line":23,"column":2},"end":{"line":23,"column":13}},"11":{"start":{"line":28,"column":2},"end":{"line":80,"column":3}},"12":{"start":{"line":31,"column":6},"end":{"line":43,"column":8}},"13":{"start":{"line":46,"column":6},"end":{"line":58,"column":8}},"14":{"start":{"line":61,"column":6},"end":{"line":76,"column":8}},"15":{"start":{"line":79,"column":6},"end":{"line":79,"column":18}},"16":{"start":{"line":87,"column":2},"end":{"line":113,"column":3}},"17":{"start":{"line":89,"column":4},"end":{"line":89,"column":38}},"18":{"start":{"line":93,"column":4},"end":{"line":101,"column":6}},"19":{"start":{"line":103,"column":4},"end":{"line":110,"column":5}},"20":{"start":{"line":104,"column":6},"end":{"line":109,"column":8}},"21":{"start":{"line":112,"column":4},"end":{"line":112,"column":11}},"22":{"start":{"line":116,"column":4},"end":{"line":119,"column":5}},"23":{"start":{"line":121,"column":2},"end":{"line":123,"column":3}},"24":{"start":{"line":122,"column":4},"end":{"line":122,"column":11}},"25":{"start":{"line":126,"column":4},"end":{"line":126,"column":30}},"26":{"start":{"line":128,"column":2},"end":{"line":141,"column":3}},"27":{"start":{"line":130,"column":4},"end":{"line":138,"column":6}},"28":{"start":{"line":140,"column":4},"end":{"line":140,"column":11}},"29":{"start":{"line":143,"column":2},"end":{"line":152,"column":4}},"30":{"start":{"line":154,"column":2},"end":{"line":158,"column":4}},"31":{"start":{"line":163,"column":2},"end":{"line":290,"column":3}},"32":{"start":{"line":165,"column":21},"end":{"line":173,"column":5}},"33":{"start":{"line":175,"column":4},"end":{"line":178,"column":5}},"34":{"start":{"line":177,"column":6},"end":{"line":177,"column":13}},"35":{"start":{"line":180,"column":4},"end":{"line":271,"column":5}},"36":{"start":{"line":182,"column":6},"end":{"line":270,"column":7}},"37":{"start":{"line":184,"column":8},"end":{"line":184,"column":38}},"38":{"start":{"line":186,"column":8},"end":{"line":191,"column":10}},"39":{"start":{"line":195,"column":8},"end":{"line":204,"column":10}},"40":{"start":{"line":206,"column":8},"end":{"line":269,"column":9}},"41":{"start":{"line":209,"column":12},"end":{"line":210,"column":46}},"42":{"start":{"line":213,"column":12},"end":{"line":215,"column":13}},"43":{"start":{"line":217,"column":10},"end":{"line":249,"column":11}},"44":{"start":{"line":219,"column":12},"end":{"line":230,"column":14}},"45":{"start":{"line":232,"column":12},"end":{"line":248,"column":14}},"46":{"start":{"line":253,"column":10},"end":{"line":268,"column":12}},"47":{"start":{"line":275,"column":4},"end":{"line":289,"column":6}},"48":{"start":{"line":293,"column":0},"end":{"line":295,"column":1}},"49":{"start":{"line":294,"column":2},"end":{"line":294,"column":31}}},"fnMap":{"0":{"name":"calculateBackoffSeconds","decl":{"start":{"line":15,"column":16},"end":{"line":15,"column":39}},"loc":{"start":{"line":15,"column":54},"end":{"line":24,"column":1}},"line":15},"1":{"name":"buildNotification","decl":{"start":{"line":26,"column":16},"end":{"line":26,"column":33}},"loc":{"start":{"line":26,"column":54},"end":{"line":81,"column":1}},"line":26},"2":{"name":"processMessage","decl":{"start":{"line":83,"column":15},"end":{"line":83,"column":29}},"loc":{"start":{"line":83,"column":39},"end":{"line":159,"column":1}},"line":83},"3":{"name":"pollQueue","decl":{"start":{"line":161,"column":15},"end":{"line":161,"column":24}},"loc":{"start":{"line":161,"column":27},"end":{"line":291,"column":1}},"line":161}},"branchMap":{"0":{"loc":{"start":{"line":12,"column":2},"end":{"line":13,"column":26}},"type":"binary-expr","locations":[{"start":{"line":12,"column":2},"end":{"line":12,"column":27}},{"start":{"line":13,"column":2},"end":{"line":13,"column":26}}],"line":12},"1":{"loc":{"start":{"line":16,"column":25},"end":{"line":16,"column":42}},"type":"binary-expr","locations":[{"start":{"line":16,"column":25},"end":{"line":16,"column":37}},{"start":{"line":16,"column":41},"end":{"line":16,"column":42}}],"line":16},"2":{"loc":{"start":{"line":18,"column":2},"end":{"line":18,"column":30}},"type":"if","locations":[{"start":{"line":18,"column":2},"end":{"line":18,"column":30}},{"start":{},"end":{}}],"line":18},"3":{"loc":{"start":{"line":19,"column":2},"end":{"line":19,"column":31}},"type":"if","locations":[{"start":{"line":19,"column":2},"end":{"line":19,"column":31}},{"start":{},"end":{}}],"line":19},"4":{"loc":{"start":{"line":20,"column":2},"end":{"line":20,"column":31}},"type":"if","locations":[{"start":{"line":20,"column":2},"end":{"line":20,"column":31}},{"start":{},"end":{}}],"line":20},"5":{"loc":{"start":{"line":21,"column":2},"end":{"line":21,"column":32}},"type":"if","locations":[{"start":{"line":21,"column":2},"end":{"line":21,"column":32}},{"start":{},"end":{}}],"line":21},"6":{"loc":{"start":{"line":28,"column":2},"end":{"line":80,"column":3}},"type":"switch","locations":[{"start":{"line":30,"column":4},"end":{"line":43,"column":8}},{"start":{"line":45,"column":4},"end":{"line":58,"column":8}},{"start":{"line":60,"column":4},"end":{"line":76,"column":8}},{"start":{"line":78,"column":4},"end":{"line":79,"column":18}}],"line":28},"7":{"loc":{"start":{"line":70,"column":2},"end":{"line":70,"column":47}},"type":"binary-expr","locations":[{"start":{"line":70,"column":2},"end":{"line":70,"column":18}},{"start":{"line":70,"column":22},"end":{"line":70,"column":47}}],"line":70},"8":{"loc":{"start":{"line":103,"column":4},"end":{"line":110,"column":5}},"type":"if","locations":[{"start":{"line":103,"column":4},"end":{"line":110,"column":5}},{"start":{},"end":{}}],"line":103},"9":{"loc":{"start":{"line":118,"column":6},"end":{"line":118,"column":26}},"type":"binary-expr","locations":[{"start":{"line":118,"column":6},"end":{"line":118,"column":20}},{"start":{"line":118,"column":24},"end":{"line":118,"column":26}}],"line":118},"10":{"loc":{"start":{"line":121,"column":2},"end":{"line":123,"column":3}},"type":"if","locations":[{"start":{"line":121,"column":2},"end":{"line":123,"column":3}},{"start":{},"end":{}}],"line":121},"11":{"loc":{"start":{"line":128,"column":2},"end":{"line":141,"column":3}},"type":"if","locations":[{"start":{"line":128,"column":2},"end":{"line":141,"column":3}},{"start":{},"end":{}}],"line":128},"12":{"loc":{"start":{"line":175,"column":4},"end":{"line":178,"column":5}},"type":"if","locations":[{"start":{"line":175,"column":4},"end":{"line":178,"column":5}},{"start":{},"end":{}}],"line":175},"13":{"loc":{"start":{"line":175,"column":8},"end":{"line":176,"column":38}},"type":"binary-expr","locations":[{"start":{"line":175,"column":8},"end":{"line":175,"column":26}},{"start":{"line":176,"column":8},"end":{"line":176,"column":38}}],"line":175},"14":{"loc":{"start":{"line":209,"column":12},"end":{"line":210,"column":46}},"type":"binary-expr","locations":[{"start":{"line":209,"column":12},"end":{"line":210,"column":39}},{"start":{"line":210,"column":43},"end":{"line":210,"column":46}}],"line":209},"15":{"loc":{"start":{"line":217,"column":10},"end":{"line":249,"column":11}},"type":"if","locations":[{"start":{"line":217,"column":10},"end":{"line":249,"column":11}},{"start":{},"end":{}}],"line":217},"16":{"loc":{"start":{"line":293,"column":0},"end":{"line":295,"column":1}},"type":"if","locations":[{"start":{"line":293,"column":0},"end":{"line":295,"column":1}},{"start":{},"end":{}}],"line":293}},"s":{"0":1,"1":5,"2":5,"3":1,"4":4,"5":1,"6":3,"7":1,"8":2,"9":1,"10":1,"11":2,"12":1,"13":0,"14":0,"15":1,"16":0,"17":0,"18":0,"19":0,"20":0,"21":0,"22":0,"23":0,"24":0,"25":0,"26":0,"27":0,"28":0,"29":0,"30":0,"31":0,"32":0,"33":0,"34":0,"35":0,"36":0,"37":0,"38":0,"39":0,"40":0,"41":0,"42":0,"43":0,"44":0,"45":0,"46":0,"47":0,"48":1,"49":0},"f":{"0":5,"1":2,"2":0,"3":0},"b":{"0":[1,1],"1":[5,0],"2":[1,4],"3":[1,3],"4":[1,2],"5":[1,1],"6":[1,0,0,1],"7":[0,0],"8":[0,0],"9":[0,0],"10":[0,0],"11":[0,0],"12":[0,0],"13":[0,0],"14":[0,0],"15":[0,0],"16":[0,1]},"_coverageSchema":"1a1c01bbd47fc00a2c39e90264f33305004495a9","hash":"99e623c643523ff398b0759d955013008fddc491"}
,"/Users/will/Documents/Projetos/APPVideo/notification-service/src/infra/ses.js": {"path":"/Users/will/Documents/Projetos/APPVideo/notification-service/src/infra/ses.js","statementMap":{"0":{"start":{"line":3,"column":19},"end":{"line":10,"column":2}},"1":{"start":{"line":13,"column":18},"end":{"line":26,"column":4}},"2":{"start":{"line":28,"column":2},"end":{"line":28,"column":26}}},"fnMap":{"0":{"name":"sendEmail","decl":{"start":{"line":12,"column":22},"end":{"line":12,"column":31}},"loc":{"start":{"line":12,"column":51},"end":{"line":29,"column":1}},"line":12}},"branchMap":{"0":{"loc":{"start":{"line":4,"column":10},"end":{"line":4,"column":47}},"type":"binary-expr","locations":[{"start":{"line":4,"column":10},"end":{"line":4,"column":32}},{"start":{"line":4,"column":36},"end":{"line":4,"column":47}}],"line":4},"1":{"loc":{"start":{"line":15,"column":4},"end":{"line":16,"column":28}},"type":"binary-expr","locations":[{"start":{"line":15,"column":4},"end":{"line":15,"column":26}},{"start":{"line":16,"column":4},"end":{"line":16,"column":28}}],"line":15}},"s":{"0":1,"1":0,"2":0},"f":{"0":0},"b":{"0":[1,1],"1":[0,0]},"_coverageSchema":"1a1c01bbd47fc00a2c39e90264f33305004495a9","hash":"0e4dc4e70cd0a4907332d6e52935ade9d6833289"}
,"/Users/will/Documents/Projetos/APPVideo/notification-service/src/infra/sqs.js": {"path":"/Users/will/Documents/Projetos/APPVideo/notification-service/src/infra/sqs.js","statementMap":{"0":{"start":{"line":5,"column":19},"end":{"line":11,"column":2}}},"fnMap":{},"branchMap":{"0":{"loc":{"start":{"line":8,"column":6},"end":{"line":10,"column":3}},"type":"binary-expr","locations":[{"start":{"line":8,"column":6},"end":{"line":8,"column":24}},{"start":{"line":8,"column":28},"end":{"line":10,"column":3}}],"line":8}},"s":{"0":1},"f":{},"b":{"0":[1,0]},"_coverageSchema":"1a1c01bbd47fc00a2c39e90264f33305004495a9","hash":"f48f1fa8297480b6b08babe2cfa6bfb86ebdeca8"}
}
