TN:
SF:src/config.js
FNF:0
FNH:0
DA:1,1
LF:1
LH:1
BRDA:2,0,0,1
BRDA:2,0,1,1
BRDA:6,1,0,1
BRDA:6,1,1,1
BRF:4
BRH:4
end_of_record
TN:
SF:src/worker.js
FN:15,calculateBackoffSeconds
FN:26,buildNotification
FN:83,processMessage
FN:161,pollQueue
FNF:4
FNH:2
FNDA:5,calculateBackoffSeconds
FNDA:2,buildNotification
FNDA:0,processMessage
FNDA:0,pollQueue
DA:12,1
DA:16,5
DA:18,5
DA:19,4
DA:20,3
DA:21,2
DA:23,1
DA:28,2
DA:31,1
DA:46,0
DA:61,0
DA:79,1
DA:87,0
DA:89,0
DA:93,0
DA:103,0
DA:104,0
DA:112,0
DA:116,0
DA:121,0
DA:122,0
DA:126,0
DA:128,0
DA:130,0
DA:140,0
DA:143,0
DA:154,0
DA:163,0
DA:165,0
DA:175,0
DA:177,0
DA:180,0
DA:182,0
DA:184,0
DA:186,0
DA:195,0
DA:206,0
DA:209,0
DA:213,0
DA:217,0
DA:219,0
DA:232,0
DA:253,0
DA:275,0
DA:293,1
DA:294,0
LF:46
LH:11
BRDA:12,0,0,1
BRDA:12,0,1,1
BRDA:16,1,0,5
BRDA:16,1,1,0
BRDA:18,2,0,1
BRDA:18,2,1,4
BRDA:19,3,0,1
BRDA:19,3,1,3
BRDA:20,4,0,1
BRDA:20,4,1,2
BRDA:21,5,0,1
BRDA:21,5,1,1
BRDA:28,6,0,1
BRDA:28,6,1,0
BRDA:28,6,2,0
BRDA:28,6,3,1
BRDA:70,7,0,0
BRDA:70,7,1,0
BRDA:103,8,0,0
BRDA:103,8,1,0
BRDA:118,9,0,0
BRDA:118,9,1,0
BRDA:121,10,0,0
BRDA:121,10,1,0
BRDA:128,11,0,0
BRDA:128,11,1,0
BRDA:175,12,0,0
BRDA:175,12,1,0
BRDA:175,13,0,0
BRDA:175,13,1,0
BRDA:209,14,0,0
BRDA:209,14,1,0
BRDA:217,15,0,0
BRDA:217,15,1,0
BRDA:293,16,0,0
BRDA:293,16,1,1
BRF:36
BRH:14
end_of_record
TN:
SF:src/infra/ses.js
FN:12,sendEmail
FNF:1
FNH:0
FNDA:0,sendEmail
DA:3,1
DA:13,0
DA:28,0
LF:3
LH:1
BRDA:4,0,0,1
BRDA:4,0,1,1
BRDA:15,1,0,0
BRDA:15,1,1,0
BRF:4
BRH:2
end_of_record
TN:
SF:src/infra/sqs.js
FNF:0
FNH:0
DA:5,1
LF:1
LH:1
BRDA:8,0,0,1
BRDA:8,0,1,0
BRF:2
BRH:1
end_of_record
