{"/Users/will/Documents/Projetos/APPVideo/status-service/src/app.js": {"path":"/Users/will/Documents/Projetos/APPVideo/status-service/src/app.js","statementMap":{"0":{"start":{"line":5,"column":19},"end":{"line":5,"column":22}},"1":{"start":{"line":7,"column":12},"end":{"line":7,"column":21}},"2":{"start":{"line":8,"column":13},"end":{"line":8,"column":17}},"3":{"start":{"line":11,"column":2},"end":{"line":19,"column":7}},"4":{"start":{"line":14,"column":23},"end":{"line":14,"column":36}},"5":{"start":{"line":21,"column":0},"end":{"line":39,"column":2}},"6":{"start":{"line":26,"column":6},"end":{"line":28,"column":7}},"7":{"start":{"line":27,"column":8},"end":{"line":27,"column":36}},"8":{"start":{"line":30,"column":6},"end":{"line":32,"column":7}},"9":{"start":{"line":31,"column":8},"end":{"line":31,"column":36}},"10":{"start":{"line":34,"column":6},"end":{"line":36,"column":8}},"11":{"start":{"line":40,"column":0},"end":{"line":40,"column":24}},"12":{"start":{"line":42,"column":17},"end":{"line":48,"column":1}},"13":{"start":{"line":51,"column":17},"end":{"line":51,"column":37}},"14":{"start":{"line":53,"column":2},"end":{"line":61,"column":3}},"15":{"start":{"line":54,"column":4},"end":{"line":54,"column":27}},"16":{"start":{"line":55,"column":4},"end":{"line":55,"column":35}},"17":{"start":{"line":56,"column":4},"end":{"line":56,"column":23}},"18":{"start":{"line":58,"column":4},"end":{"line":58,"column":16}},"19":{"start":{"line":60,"column":4},"end":{"line":60,"column":19}},"20":{"start":{"line":64,"column":0},"end":{"line":74,"column":3}},"21":{"start":{"line":65,"column":19},"end":{"line":65,"column":40}},"22":{"start":{"line":67,"column":2},"end":{"line":73,"column":5}},"23":{"start":{"line":76,"column":0},"end":{"line":82,"column":1}},"24":{"start":{"line":77,"column":2},"end":{"line":81,"column":5}},"25":{"start":{"line":78,"column":4},"end":{"line":80,"column":6}}},"fnMap":{"0":{"name":"(anonymous_0)","decl":{"start":{"line":14,"column":13},"end":{"line":14,"column":14}},"loc":{"start":{"line":14,"column":23},"end":{"line":14,"column":36}},"line":14},"1":{"name":"(anonymous_1)","decl":{"start":{"line":24,"column":4},"end":{"line":24,"column":5}},"loc":{"start":{"line":24,"column":29},"end":{"line":37,"column":5}},"line":24},"2":{"name":"checkDatabase","decl":{"start":{"line":50,"column":15},"end":{"line":50,"column":28}},"loc":{"start":{"line":50,"column":31},"end":{"line":62,"column":1}},"line":50},"3":{"name":"(anonymous_3)","decl":{"start":{"line":64,"column":19},"end":{"line":64,"column":20}},"loc":{"start":{"line":64,"column":39},"end":{"line":74,"column":1}},"line":64},"4":{"name":"(anonymous_4)","decl":{"start":{"line":77,"column":19},"end":{"line":77,"column":20}},"loc":{"start":{"line":77,"column":25},"end":{"line":81,"column":3}},"line":77}},"branchMap":{"0":{"loc":{"start":{"line":11,"column":2},"end":{"line":19,"column":7}},"type":"cond-expr","locations":[{"start":{"line":12,"column":6},"end":{"line":14,"column":37}},{"start":{"line":15,"column":6},"end":{"line":19,"column":7}}],"line":11},"1":{"loc":{"start":{"line":26,"column":6},"end":{"line":28,"column":7}},"type":"if","locations":[{"start":{"line":26,"column":6},"end":{"line":28,"column":7}},{"start":{},"end":{}}],"line":26},"2":{"loc":{"start":{"line":30,"column":6},"end":{"line":32,"column":7}},"type":"if","locations":[{"start":{"line":30,"column":6},"end":{"line":32,"column":7}},{"start":{},"end":{}}],"line":30},"3":{"loc":{"start":{"line":43,"column":8},"end":{"line":43,"column":42}},"type":"binary-expr","locations":[{"start":{"line":43,"column":8},"end":{"line":43,"column":27}},{"start":{"line":43,"column":31},"end":{"line":43,"column":42}}],"line":43},"4":{"loc":{"start":{"line":44,"column":8},"end":{"line":44,"column":35}},"type":"binary-expr","locations":[{"start":{"line":44,"column":8},"end":{"line":44,"column":27}},{"start":{"line":44,"column":31},"end":{"line":44,"column":35}}],"line":44},"5":{"loc":{"start":{"line":45,"column":12},"end":{"line":45,"column":45}},"type":"binary-expr","locations":[{"start":{"line":45,"column":12},"end":{"line":45,"column":31}},{"start":{"line":45,"column":35},"end":{"line":45,"column":45}}],"line":45},"6":{"loc":{"start":{"line":46,"column":8},"end":{"line":46,"column":41}},"type":"binary-expr","locations":[{"start":{"line":46,"column":8},"end":{"line":46,"column":27}},{"start":{"line":46,"column":31},"end":{"line":46,"column":41}}],"line":46},"7":{"loc":{"start":{"line":47,"column":12},"end":{"line":47,"column":49}},"type":"binary-expr","locations":[{"start":{"line":47,"column":12},"end":{"line":47,"column":35}},{"start":{"line":47,"column":39},"end":{"line":47,"column":49}}],"line":47},"8":{"loc":{"start":{"line":68,"column":12},"end":{"line":68,"column":49}},"type":"cond-expr","locations":[{"start":{"line":68,"column":32},"end":{"line":68,"column":36}},{"start":{"line":68,"column":39},"end":{"line":68,"column":49}}],"line":68},"9":{"loc":{"start":{"line":76,"column":0},"end":{"line":82,"column":1}},"type":"if","locations":[{"start":{"line":76,"column":0},"end":{"line":82,"column":1}},{"start":{},"end":{}}],"line":76}},"s":{"0":1,"1":1,"2":1,"3":1,"4":0,"5":1,"6":1,"7":1,"8":0,"9":0,"10":0,"11":1,"12":1,"13":1,"14":1,"15":1,"16":0,"17":0,"18":0,"19":1,"20":1,"21":1,"22":1,"23":1,"24":0,"25":0},"f":{"0":0,"1":1,"2":1,"3":1,"4":0},"b":{"0":[0,1],"1":[1,0],"2":[0,0],"3":[1,1],"4":[1,1],"5":[1,1],"6":[1,1],"7":[1,1],"8":[0,1],"9":[0,1]},"_coverageSchema":"1a1c01bbd47fc00a2c39e90264f33305004495a9","hash":"beb1b0244ef572f702746ac782dc69d71b6cea9c"}
}
