TN:
SF:src/app.js
FN:14,(anonymous_0)
FN:24,(anonymous_1)
FN:50,checkDatabase
FN:64,(anonymous_3)
FN:77,(anonymous_4)
FNF:5
FNH:3
FNDA:0,(anonymous_0)
FNDA:1,(anonymous_1)
FNDA:1,checkDatabase
FNDA:1,(anonymous_3)
FNDA:0,(anonymous_4)
DA:5,1
DA:7,1
DA:8,1
DA:11,1
DA:14,0
DA:21,1
DA:26,1
DA:27,1
DA:30,0
DA:31,0
DA:34,0
DA:40,1
DA:42,1
DA:51,1
DA:53,1
DA:54,1
DA:55,0
DA:56,0
DA:58,0
DA:60,1
DA:64,1
DA:65,1
DA:67,1
DA:76,1
DA:77,0
DA:78,0
LF:26
LH:17
BRDA:11,0,0,0
BRDA:11,0,1,1
BRDA:26,1,0,1
BRDA:26,1,1,0
BRDA:30,2,0,0
BRDA:30,2,1,0
BRDA:43,3,0,1
BRDA:43,3,1,1
BRDA:44,4,0,1
BRDA:44,4,1,1
BRDA:45,5,0,1
BRDA:45,5,1,1
BRDA:46,6,0,1
BRDA:46,6,1,1
BRDA:47,7,0,1
BRDA:47,7,1,1
BRDA:68,8,0,0
BRDA:68,8,1,1
BRDA:76,9,0,0
BRDA:76,9,1,1
BRF:20
BRH:14
end_of_record
